CDF1150A1_26_04_2022_13_11_29.csv — Unexpected column count: 18
CDF1150A1_26_04_2022_13_16_29.csv — Unexpected column count: 18
DUSTCS6K270P_26_04_2022_13_10_01.csv — Unexpected column count: 18
DUSTCS6K270P_26_04_2022_13_15_01.csv — Unexpected column count: 18
GSA060_26_04_2022_13_11_07.csv — Unexpected column count: 18
GSA060_26_04_2022_13_16_07.csv — Unexpected column count: 18
LG345N1C_26_04_2022_13_10_45.csv — Unexpected column count: 18
LG345N1C_26_04_2022_13_15_45.csv — Unexpected column count: 18
LG370Q1C_26_04_2022_13_10_23.csv — Unexpected column count: 18
LG370Q1C_26_04_2022_13_15_23.csv — Unexpected column count: 18
_26_04_2022_12_21_51.csv — Unexpected column count: 17
_26_04_2022_12_22_13.csv — Unexpected column count: 17
_26_04_2022_13_11_51.csv — Unexpected column count: 17
_26_04_2022_13_12_13.csv — Unexpected column count: 17
_26_04_2022_13_13_05.csv — Unexpected column count: 17
_10_06_2022___.csv — Unexpected column count: 7
CS3K320MB-V_01_01_2023_12_09_22.csv — Error parsing metadata rows: ValueError(AssertionError('26 columns passed, passed data had 25 columns'))
CS3K320MB-V_01_01_2023_12_14_23.csv — Error parsing metadata rows: ValueError(AssertionError('26 columns passed, passed data had 25 columns'))
LG345N1C_06_07_2023_13_11_53.csv — Error parsing metadata rows: ValueError(AssertionError('26 columns passed, passed data had 25 columns'))
CS3K320MB-T_04_11_2023_16_49_03.csv — Error parsing metadata rows: ValueError(AssertionError('26 columns passed, passed data had 25 columns'))
CS3K320MB-T_09_11_2023_17_04_03.csv — Error parsing metadata rows: ValueError(AssertionError('26 columns passed, passed data had 25 columns'))
LG345N1C_09_11_2023_16_31_53.csv — Error parsing metadata rows: ValueError(AssertionError('26 columns passed, passed data had 25 columns'))
QPEAK315_10_11_2023_17_16_16.csv — Error parsing metadata rows: ValueError(AssertionError('26 columns passed, passed data had 25 columns'))
CDF1150A1_15_11_2023_15_28_06.csv — Error parsing metadata rows: ValueError(AssertionError('26 columns passed, passed data had 25 columns'))
CDF1150A1_20_11_2023_13_13_06.csv — Error parsing metadata rows: ValueError(AssertionError('26 columns passed, passed data had 25 columns'))
LG345N1C_24_11_2023_07_01_53.csv — Error parsing metadata rows: ValueError(AssertionError('26 columns passed, passed data had 25 columns'))
CS6K270P_25_11_2023_08_15_19.csv — Error parsing metadata rows: ValueError(AssertionError('26 columns passed, passed data had 25 columns'))
CDF1150A1_30_11_2023_18_03_06.csv — Error parsing metadata rows: ValueError(AssertionError('26 columns passed, passed data had 25 columns'))
CS3K320MB-T_30_11_2023_08_54_03.csv — Error parsing metadata rows: ValueError(AssertionError('26 columns passed, passed data had 25 columns'))
NAF128GK_30_11_2023_08_30_37.csv — Error parsing metadata rows: ValueError(AssertionError('26 columns passed, passed data had 25 columns'))
VBHN330_01_12_2023_08_40_01.csv — Error parsing metadata rows: ValueError(AssertionError('26 columns passed, passed data had 25 columns'))
CDF1150A1_02_12_2023_10_58_06.csv — Error parsing metadata rows: ValueError(AssertionError('26 columns passed, passed data had 25 columns'))
CDF1150A1_02_12_2023_13_28_06.csv — Error parsing metadata rows: ValueError(AssertionError('26 columns passed, passed data had 25 columns'))
CS3K320MB-T_02_12_2023_09_09_03.csv — Error parsing metadata rows: ValueError(AssertionError('26 columns passed, passed data had 25 columns'))
CS3K320MB-T_02_12_2023_09_14_03.csv — Error parsing metadata rows: ValueError(AssertionError('26 columns passed, passed data had 25 columns'))
CS3K320MB-T_02_12_2023_16_09_03.csv — Error parsing metadata rows: ValueError(AssertionError('26 columns passed, passed data had 25 columns'))
CS6K270P_02_12_2023_11_05_19.csv — Error parsing metadata rows: ValueError(AssertionError('26 columns passed, passed data had 25 columns'))
NAF128GK_02_12_2023_17_00_37.csv — Error parsing metadata rows: ValueError(AssertionError('26 columns passed, passed data had 25 columns'))
QPEAK315_02_12_2023_08_36_16.csv — Error parsing metadata rows: ValueError(AssertionError('26 columns passed, passed data had 25 columns'))
QPEAK315_02_12_2023_14_36_16.csv — Error parsing metadata rows: ValueError(AssertionError('26 columns passed, passed data had 25 columns'))
QPEAK315_02_12_2023_17_16_16.csv — Error parsing metadata rows: ValueError(AssertionError('26 columns passed, passed data had 25 columns'))
VBHN330_02_12_2023_17_35_01.csv — Error parsing metadata rows: ValueError(AssertionError('26 columns passed, passed data had 25 columns'))
VBHN330_02_12_2023_18_00_01.csv — Error parsing metadata rows: ValueError(AssertionError('26 columns passed, passed data had 25 columns'))
VBHN330_03_12_2023_16_05_01.csv — Error parsing metadata rows: ValueError(AssertionError('26 columns passed, passed data had 25 columns'))
CS3K320MB-T_04_12_2023_09_04_03.csv — Error parsing metadata rows: ValueError(AssertionError('26 columns passed, passed data had 25 columns'))
GSA060_04_12_2023_17_27_11.csv — Error parsing metadata rows: ValueError(AssertionError('26 columns passed, passed data had 25 columns'))
CDF1150A1_05_12_2023_06_48_06.csv — Error parsing metadata rows: ValueError(AssertionError('26 columns passed, passed data had 25 columns'))
CDF1150A1_05_12_2023_09_18_06.csv — Error parsing metadata rows: ValueError(AssertionError('26 columns passed, passed data had 25 columns'))
CDF1150A1_05_12_2023_10_58_06.csv — Error parsing metadata rows: ValueError(AssertionError('26 columns passed, passed data had 25 columns'))
CS3K320MB-T_05_12_2023_07_49_03.csv — Error parsing metadata rows: ValueError(AssertionError('26 columns passed, passed data had 25 columns'))
QPEAK315_05_12_2023_09_41_16.csv — Error parsing metadata rows: ValueError(AssertionError('26 columns passed, passed data had 25 columns'))
QPEAK315_05_12_2023_09_51_16.csv — Error parsing metadata rows: ValueError(AssertionError('26 columns passed, passed data had 25 columns'))
QPEAK315_06_12_2023_10_51_16.csv — Error parsing metadata rows: ValueError(AssertionError('26 columns passed, passed data had 25 columns'))
QPEAK315_06_12_2023_16_06_16.csv — Error parsing metadata rows: ValueError(AssertionError('26 columns passed, passed data had 25 columns'))
CDF1150A1_07_12_2023_14_28_06.csv — Error parsing metadata rows: ValueError(AssertionError('26 columns passed, passed data had 25 columns'))
CDF1150A1_07_12_2023_17_43_06.csv — Error parsing metadata rows: ValueError(AssertionError('26 columns passed, passed data had 25 columns'))
QPEAK315_07_12_2023_08_36_16.csv — Error parsing metadata rows: ValueError(AssertionError('26 columns passed, passed data had 25 columns'))
VBHN330_07_12_2023_09_20_01.csv — Error parsing metadata rows: ValueError(AssertionError('26 columns passed, passed data had 25 columns'))
CS3K320MB-T_08_12_2023_11_04_03.csv — Error parsing metadata rows: ValueError(AssertionError('26 columns passed, passed data had 25 columns'))
CS3K320MB-T_08_12_2023_16_39_03.csv — Error parsing metadata rows: ValueError(AssertionError('26 columns passed, passed data had 25 columns'))
VBHN330_08_12_2023_06_50_01.csv — Error parsing metadata rows: ValueError(AssertionError('26 columns passed, passed data had 25 columns'))
CDF1150A1_09_12_2023_06_43_06.csv — Error parsing metadata rows: ValueError(AssertionError('26 columns passed, passed data had 25 columns'))
CDF1150A1_09_12_2023_06_48_06.csv — Error parsing metadata rows: ValueError(AssertionError('26 columns passed, passed data had 25 columns'))
CS3K320MB-T_09_12_2023_06_44_03.csv — Error parsing metadata rows: ValueError(AssertionError('26 columns passed, passed data had 25 columns'))
LG345N1C_09_12_2023_07_16_53.csv — Error parsing metadata rows: ValueError(AssertionError('26 columns passed, passed data had 25 columns'))
LG370Q1C_09_12_2023_06_41_35.csv — Error parsing metadata rows: ValueError(AssertionError('26 columns passed, passed data had 25 columns'))
QPEAK315_09_12_2023_09_31_16.csv — Error parsing metadata rows: ValueError(AssertionError('26 columns passed, passed data had 25 columns'))
CDF1150A1_10_12_2023_07_48_06.csv — Error parsing metadata rows: ValueError(AssertionError('26 columns passed, passed data had 25 columns'))
CDF1150A1_10_12_2023_08_33_06.csv — Error parsing metadata rows: ValueError(AssertionError('26 columns passed, passed data had 25 columns'))
CDF1150A1_10_12_2023_09_03_06.csv — Error parsing metadata rows: ValueError(AssertionError('26 columns passed, passed data had 25 columns'))
CDF1150A1_10_12_2023_17_33_06.csv — Error parsing metadata rows: ValueError(AssertionError('26 columns passed, passed data had 25 columns'))
CS3K320MB-T_10_12_2023_06_59_03.csv — Error parsing metadata rows: ValueError(AssertionError('26 columns passed, passed data had 25 columns'))
CS3K320MB-T_10_12_2023_16_14_03.csv — Error parsing metadata rows: ValueError(AssertionError('26 columns passed, passed data had 25 columns'))
CS3K320MB-T_10_12_2023_16_54_03.csv — Error parsing metadata rows: ValueError(AssertionError('26 columns passed, passed data had 25 columns'))
CS3K320MB-V_10_12_2023_16_54_24.csv — Error parsing metadata rows: ValueError(AssertionError('26 columns passed, passed data had 25 columns'))
CS6K270P_10_12_2023_16_55_19.csv — Error parsing metadata rows: ValueError(AssertionError('26 columns passed, passed data had 25 columns'))
VBHN330_10_12_2023_08_55_01.csv — Error parsing metadata rows: ValueError(AssertionError('26 columns passed, passed data had 25 columns'))
CS3K320MB-T_11_12_2023_08_59_03.csv — Error parsing metadata rows: ValueError(AssertionError('26 columns passed, passed data had 25 columns'))
CS6K270P_11_12_2023_08_15_19.csv — Error parsing metadata rows: ValueError(AssertionError('26 columns passed, passed data had 25 columns'))
QPEAK315_11_12_2023_08_31_16.csv — Error parsing metadata rows: ValueError(AssertionError('26 columns passed, passed data had 25 columns'))
QPEAK315_11_12_2023_15_26_16.csv — Error parsing metadata rows: ValueError(AssertionError('26 columns passed, passed data had 25 columns'))
VBHN330_11_12_2023_08_15_01.csv — Error parsing metadata rows: ValueError(AssertionError('26 columns passed, passed data had 25 columns'))
CDF1150A1_12_12_2023_16_58_06.csv — Error parsing metadata rows: ValueError(AssertionError('26 columns passed, passed data had 25 columns'))
CS3K320MB-T_12_12_2023_09_04_03.csv — Error parsing metadata rows: ValueError(AssertionError('26 columns passed, passed data had 25 columns'))
LG345N1C_12_12_2023_17_31_53.csv — Error parsing metadata rows: ValueError(AssertionError('26 columns passed, passed data had 25 columns'))
QPEAK315_12_12_2023_17_46_16.csv — Error parsing metadata rows: ValueError(AssertionError('26 columns passed, passed data had 25 columns'))
CDF1150A1_13_12_2023_07_38_06.csv — Error parsing metadata rows: ValueError(AssertionError('26 columns passed, passed data had 25 columns'))
CDF1150A1_13_12_2023_07_48_06.csv — Error parsing metadata rows: ValueError(AssertionError('26 columns passed, passed data had 25 columns'))
CS3K320MB-T_13_12_2023_17_09_03.csv — Error parsing metadata rows: ValueError(AssertionError('26 columns passed, passed data had 25 columns'))
CDF1150A1_14_12_2023_09_18_06.csv — Error parsing metadata rows: ValueError(AssertionError('26 columns passed, passed data had 25 columns'))
CS3K320MB-T_14_12_2023_09_59_03.csv — Error parsing metadata rows: ValueError(AssertionError('26 columns passed, passed data had 25 columns'))
QPEAK315_14_12_2023_08_46_16.csv — Error parsing metadata rows: ValueError(AssertionError('26 columns passed, passed data had 25 columns'))
QPEAK315_14_12_2023_08_56_16.csv — Error parsing metadata rows: ValueError(AssertionError('26 columns passed, passed data had 25 columns'))
CDF1150A1_15_12_2023_08_38_06.csv — Error parsing metadata rows: ValueError(AssertionError('26 columns passed, passed data had 25 columns'))
VBHN330_15_12_2023_07_50_01.csv — Error parsing metadata rows: ValueError(AssertionError('26 columns passed, passed data had 25 columns'))
CDF1150A1_16_12_2023_08_38_06.csv — Error parsing metadata rows: ValueError(AssertionError('26 columns passed, passed data had 25 columns'))
CS3K320MB-T_16_12_2023_09_24_03.csv — Error parsing metadata rows: ValueError(AssertionError('26 columns passed, passed data had 25 columns'))
LG370Q1C_16_12_2023_17_16_35.csv — Error parsing metadata rows: ValueError(AssertionError('26 columns passed, passed data had 25 columns'))
CDF1150A1_17_12_2023_16_28_06.csv — Error parsing metadata rows: ValueError(AssertionError('26 columns passed, passed data had 25 columns'))
CDF1150A1_17_12_2023_16_38_06.csv — Error parsing metadata rows: ValueError(AssertionError('26 columns passed, passed data had 25 columns'))
GSA060_17_12_2023_17_32_11.csv — Error parsing metadata rows: ValueError(AssertionError('26 columns passed, passed data had 25 columns'))
QPEAK315_17_12_2023_17_36_16.csv — Error parsing metadata rows: ValueError(AssertionError('26 columns passed, passed data had 25 columns'))
VBHN330_17_12_2023_16_55_01.csv — Error parsing metadata rows: ValueError(AssertionError('26 columns passed, passed data had 25 columns'))
CDF1150A1_18_12_2023_09_33_06.csv — Error parsing metadata rows: ValueError(AssertionError('26 columns passed, passed data had 25 columns'))
CS3K320MB-T_18_12_2023_09_14_03.csv — Error parsing metadata rows: ValueError(AssertionError('26 columns passed, passed data had 25 columns'))
LG345N1C_18_12_2023_17_26_53.csv — Error parsing metadata rows: ValueError(AssertionError('26 columns passed, passed data had 25 columns'))
QPEAK315_18_12_2023_09_11_16.csv — Error parsing metadata rows: ValueError(AssertionError('26 columns passed, passed data had 25 columns'))
QPEAK315_18_12_2023_09_36_16.csv — Error parsing metadata rows: ValueError(AssertionError('26 columns passed, passed data had 25 columns'))
QPEAK315_18_12_2023_17_16_16.csv — Error parsing metadata rows: ValueError(AssertionError('26 columns passed, passed data had 25 columns'))
CDF1150A1_20_12_2023_10_23_06.csv — Error parsing metadata rows: ValueError(AssertionError('26 columns passed, passed data had 25 columns'))
CDF1150A1_20_12_2023_10_58_06.csv — Error parsing metadata rows: ValueError(AssertionError('26 columns passed, passed data had 25 columns'))
CS3K320MB-T_20_12_2023_09_29_03.csv — Error parsing metadata rows: ValueError(AssertionError('26 columns passed, passed data had 25 columns'))
LG345N1C_20_12_2023_10_06_53.csv — Error parsing metadata rows: ValueError(AssertionError('26 columns passed, passed data had 25 columns'))
LG345N1C_20_12_2023_17_01_53.csv — Error parsing metadata rows: ValueError(AssertionError('26 columns passed, passed data had 25 columns'))
QPEAK315_20_12_2023_09_21_16.csv — Error parsing metadata rows: ValueError(AssertionError('26 columns passed, passed data had 25 columns'))
QPEAK315_20_12_2023_17_51_16.csv — Error parsing metadata rows: ValueError(AssertionError('26 columns passed, passed data had 25 columns'))
CS6K270P_21_12_2023_10_45_19.csv — Error parsing metadata rows: ValueError(AssertionError('26 columns passed, passed data had 25 columns'))
QPEAK315_21_12_2023_11_31_16.csv — Error parsing metadata rows: ValueError(AssertionError('26 columns passed, passed data had 25 columns'))
VBHN330_21_12_2023_06_35_01.csv — Error parsing metadata rows: ValueError(AssertionError('26 columns passed, passed data had 25 columns'))
CDF1150A1_23_12_2023_08_13_06.csv — Error parsing metadata rows: ValueError(AssertionError('26 columns passed, passed data had 25 columns'))
CDF1150A1_23_12_2023_09_38_06.csv — Error parsing metadata rows: ValueError(AssertionError('26 columns passed, passed data had 25 columns'))
CDF1150A1_23_12_2023_17_08_06.csv — Error parsing metadata rows: ValueError(AssertionError('26 columns passed, passed data had 25 columns'))
LG345N1C_23_12_2023_09_36_53.csv — Error parsing metadata rows: ValueError(AssertionError('26 columns passed, passed data had 25 columns'))
LG370Q1C_23_12_2023_09_36_35.csv — Error parsing metadata rows: ValueError(AssertionError('26 columns passed, passed data had 25 columns'))
NAF128GK_23_12_2023_16_45_37.csv — Error parsing metadata rows: ValueError(AssertionError('26 columns passed, passed data had 25 columns'))
NAF128GK_23_12_2023_17_40_37.csv — Error parsing metadata rows: ValueError(AssertionError('26 columns passed, passed data had 25 columns'))
QPEAK315_23_12_2023_16_01_16.csv — Error parsing metadata rows: ValueError(AssertionError('26 columns passed, passed data had 25 columns'))
VBHN330_23_12_2023_08_35_01.csv — Error parsing metadata rows: ValueError(AssertionError('26 columns passed, passed data had 25 columns'))
VBHN330_23_12_2023_16_30_01.csv — Error parsing metadata rows: ValueError(AssertionError('26 columns passed, passed data had 25 columns'))
VBHN330_23_12_2023_17_45_01.csv — Error parsing metadata rows: ValueError(AssertionError('26 columns passed, passed data had 25 columns'))
LG370Q1C_24_12_2023_09_01_35.csv — Error parsing metadata rows: ValueError(AssertionError('26 columns passed, passed data had 25 columns'))
QPEAK315_24_12_2023_08_11_16.csv — Error parsing metadata rows: ValueError(AssertionError('26 columns passed, passed data had 25 columns'))
CS3K320MB-T_25_12_2023_08_44_03.csv — Error parsing metadata rows: ValueError(AssertionError('26 columns passed, passed data had 25 columns'))
CS3K320MB-T_25_12_2023_08_49_03.csv — Error parsing metadata rows: ValueError(AssertionError('26 columns passed, passed data had 25 columns'))
VBHN330_25_12_2023_15_05_01.csv — Error parsing metadata rows: ValueError(AssertionError('26 columns passed, passed data had 25 columns'))
NAF128GK_26_12_2023_08_35_37.csv — Error parsing metadata rows: ValueError(AssertionError('26 columns passed, passed data had 25 columns'))
NAF128GK_26_12_2023_17_30_37.csv — Error parsing metadata rows: ValueError(AssertionError('26 columns passed, passed data had 25 columns'))
VBHN330_26_12_2023_08_05_01.csv — Error parsing metadata rows: ValueError(AssertionError('26 columns passed, passed data had 25 columns'))
CS3K320MB-T_27_12_2023_17_19_03.csv — Error parsing metadata rows: ValueError(AssertionError('26 columns passed, passed data had 25 columns'))
GSA060_27_12_2023_18_02_11.csv — Error parsing metadata rows: ValueError(AssertionError('26 columns passed, passed data had 25 columns'))
QPEAK315_27_12_2023_06_56_16.csv — Error parsing metadata rows: ValueError(AssertionError('26 columns passed, passed data had 25 columns'))
CDF1150A1_29_12_2023_08_18_06.csv — Error parsing metadata rows: ValueError(AssertionError('26 columns passed, passed data had 25 columns'))
CS3K320MB-T_29_12_2023_17_39_03.csv — Error parsing metadata rows: ValueError(AssertionError('26 columns passed, passed data had 25 columns'))
CS6K270P_29_12_2023_08_35_19.csv — Error parsing metadata rows: ValueError(AssertionError('26 columns passed, passed data had 25 columns'))
GSA060_29_12_2023_07_12_11.csv — Error parsing metadata rows: ValueError(AssertionError('26 columns passed, passed data had 25 columns'))
NAF128GK_29_12_2023_08_20_37.csv — Error parsing metadata rows: ValueError(AssertionError('26 columns passed, passed data had 25 columns'))
VBHN330_29_12_2023_06_25_01.csv — Error parsing metadata rows: ValueError(AssertionError('26 columns passed, passed data had 25 columns'))
CDF1150A1_30_12_2023_17_43_06.csv — Error parsing metadata rows: ValueError(AssertionError('26 columns passed, passed data had 25 columns'))
CS3K320MB-T_30_12_2023_07_59_03.csv — Error parsing metadata rows: ValueError(AssertionError('26 columns passed, passed data had 25 columns'))
GSA060_30_12_2023_07_17_11.csv — Error parsing metadata rows: ValueError(AssertionError('26 columns passed, passed data had 25 columns'))
VBHN330_30_12_2023_18_05_01.csv — Error parsing metadata rows: ValueError(AssertionError('26 columns passed, passed data had 25 columns'))
CDF1150A1_31_12_2023_18_08_06.csv — Error parsing metadata rows: ValueError(AssertionError('26 columns passed, passed data had 25 columns'))
CS3K320MB-T_31_12_2023_08_59_03.csv — Error parsing metadata rows: ValueError(AssertionError('26 columns passed, passed data had 25 columns'))
VBHN330_31_12_2023_07_25_01.csv — Error parsing metadata rows: ValueError(AssertionError('26 columns passed, passed data had 25 columns'))
CDF1150A1_01_01_2024_07_53_06.csv — Error parsing metadata rows: ValueError(AssertionError('26 columns passed, passed data had 25 columns'))
CS3K320MB-T_02_01_2024_17_14_03.csv — Error parsing metadata rows: ValueError(AssertionError('26 columns passed, passed data had 25 columns'))
CDF1150A1_04_01_2024_08_58_06.csv — Error parsing metadata rows: ValueError(AssertionError('26 columns passed, passed data had 25 columns'))
CS3K320MB-T_04_01_2024_14_59_03.csv — Error parsing metadata rows: ValueError(AssertionError('26 columns passed, passed data had 25 columns'))
CS3K320MB-T_04_01_2024_17_24_03.csv — Error parsing metadata rows: ValueError(AssertionError('26 columns passed, passed data had 25 columns'))
CS3K320MB-T_04_01_2024_17_59_03.csv — Error parsing metadata rows: ValueError(AssertionError('26 columns passed, passed data had 25 columns'))
GSA060_04_01_2024_09_17_11.csv — Error parsing metadata rows: ValueError(AssertionError('26 columns passed, passed data had 25 columns'))
NAF128GK_04_01_2024_09_20_37.csv — Error parsing metadata rows: ValueError(AssertionError('26 columns passed, passed data had 25 columns'))
NAF128GK_04_01_2024_18_00_37.csv — Error parsing metadata rows: ValueError(AssertionError('26 columns passed, passed data had 25 columns'))
QPEAK315_04_01_2024_14_11_16.csv — Error parsing metadata rows: ValueError(AssertionError('26 columns passed, passed data had 25 columns'))
CDF1150A1_05_01_2024_07_13_06.csv — Error parsing metadata rows: ValueError(AssertionError('26 columns passed, passed data had 25 columns'))
CDF1150A1_05_01_2024_09_53_06.csv — Error parsing metadata rows: ValueError(AssertionError('26 columns passed, passed data had 25 columns'))
GSA060_05_01_2024_08_27_11.csv — Error parsing metadata rows: ValueError(AssertionError('26 columns passed, passed data had 25 columns'))
CDF1150A1_06_01_2024_14_38_06.csv — Error parsing metadata rows: ValueError(AssertionError('26 columns passed, passed data had 25 columns'))
CS3K320MB-T_06_01_2024_07_59_03.csv — Error parsing metadata rows: ValueError(AssertionError('26 columns passed, passed data had 25 columns'))
CDF1150A1_07_01_2024_17_33_06.csv — Error parsing metadata rows: ValueError(AssertionError('26 columns passed, passed data had 25 columns'))
CS6K270P_07_01_2024_09_20_19.csv — Error parsing metadata rows: ValueError(AssertionError('26 columns passed, passed data had 25 columns'))
VBHN330_07_01_2024_17_40_01.csv — Error parsing metadata rows: ValueError(AssertionError('26 columns passed, passed data had 25 columns'))
CDF1150A1_08_01_2024_17_38_06.csv — Error parsing metadata rows: ValueError(AssertionError('26 columns passed, passed data had 25 columns'))
CS3K320MB-T_08_01_2024_16_59_03.csv — Error parsing metadata rows: ValueError(AssertionError('26 columns passed, passed data had 25 columns'))
QPEAK315_08_01_2024_08_06_16.csv — Error parsing metadata rows: ValueError(AssertionError('26 columns passed, passed data had 25 columns'))
VBHN330_08_01_2024_08_55_01.csv — Error parsing metadata rows: ValueError(AssertionError('26 columns passed, passed data had 25 columns'))
CS3K320MB-T_09_01_2024_08_09_03.csv — Error parsing metadata rows: ValueError(AssertionError('26 columns passed, passed data had 25 columns'))
QPEAK315_09_01_2024_08_41_16.csv — Error parsing metadata rows: ValueError(AssertionError('26 columns passed, passed data had 25 columns'))
CS3K320MB-T_10_01_2024_06_44_03.csv — Error reading CSV even with fallback: ParserError('Expected 26 fields in line 3, saw 27')
CS3K320MB-T_10_01_2024_10_54_03.csv — Error parsing metadata rows: ValueError(AssertionError('26 columns passed, passed data had 25 columns'))
LG345N1C_10_01_2024_07_51_53.csv — Error parsing metadata rows: ValueError(AssertionError('26 columns passed, passed data had 25 columns'))
QPEAK315_10_01_2024_06_46_16.csv — Error parsing metadata rows: ValueError(AssertionError('26 columns passed, passed data had 25 columns'))
QPEAK315_10_01_2024_18_06_16.csv — Error parsing metadata rows: ValueError(AssertionError('26 columns passed, passed data had 25 columns'))
VBHN330_10_01_2024_17_35_01.csv — Error parsing metadata rows: ValueError(AssertionError('26 columns passed, passed data had 25 columns'))
LG345N1C_11_01_2024_08_11_53.csv — Error parsing metadata rows: ValueError(AssertionError('26 columns passed, passed data had 25 columns'))
LG345N1C_12_01_2024_18_26_53.csv — Error parsing metadata rows: ValueError(AssertionError('26 columns passed, passed data had 25 columns'))
QPEAK315_12_01_2024_08_11_16.csv — Error parsing metadata rows: ValueError(AssertionError('26 columns passed, passed data had 25 columns'))
CS3K320MB-T_13_01_2024_08_44_03.csv — Error parsing metadata rows: ValueError(AssertionError('26 columns passed, passed data had 25 columns'))
CS3K320MB-T_14_01_2024_17_44_03.csv — Error parsing metadata rows: ValueError(AssertionError('26 columns passed, passed data had 25 columns'))
LG345N1C_14_01_2024_17_36_53.csv — Error parsing metadata rows: ValueError(AssertionError('26 columns passed, passed data had 25 columns'))
VBHN330_14_01_2024_08_15_01.csv — Error parsing metadata rows: ValueError(AssertionError('26 columns passed, passed data had 25 columns'))
CDF1150A1_15_01_2024_07_53_06.csv — Error parsing metadata rows: ValueError(AssertionError('26 columns passed, passed data had 25 columns'))
QPEAK315_16_01_2024_17_31_16.csv — Error parsing metadata rows: ValueError(AssertionError('26 columns passed, passed data had 25 columns'))
CDF1150A1_17_01_2024_11_28_06.csv — Error parsing metadata rows: ValueError(AssertionError('26 columns passed, passed data had 25 columns'))
QPEAK315_17_01_2024_07_26_16.csv — Error parsing metadata rows: ValueError(AssertionError('26 columns passed, passed data had 25 columns'))
QPEAK315_17_01_2024_11_16_16.csv — Error parsing metadata rows: ValueError(AssertionError('26 columns passed, passed data had 25 columns'))
QPEAK315_17_01_2024_12_36_16.csv — Error parsing metadata rows: ValueError(AssertionError('26 columns passed, passed data had 25 columns'))
QPEAK315_17_01_2024_13_21_16.csv — Error parsing metadata rows: ValueError(AssertionError('26 columns passed, passed data had 25 columns'))
CDF1150A1_18_01_2024_10_48_06.csv — Error parsing metadata rows: ValueError(AssertionError('26 columns passed, passed data had 25 columns'))
CS6K270P_18_01_2024_09_15_19.csv — Error parsing metadata rows: ValueError(AssertionError('26 columns passed, passed data had 25 columns'))
NAF128GK_18_01_2024_09_15_37.csv — Error parsing metadata rows: ValueError(AssertionError('26 columns passed, passed data had 25 columns'))
CS3K320MB-T_19_01_2024_16_04_03.csv — Error parsing metadata rows: ValueError(AssertionError('26 columns passed, passed data had 25 columns'))
CS6K270P_19_01_2024_08_55_19.csv — Error parsing metadata rows: ValueError(AssertionError('26 columns passed, passed data had 25 columns'))
QPEAK315_19_01_2024_07_56_16.csv — Error parsing metadata rows: ValueError(AssertionError('26 columns passed, passed data had 25 columns'))
CDF1150A1_20_01_2024_08_08_06.csv — Error parsing metadata rows: ValueError(AssertionError('26 columns passed, passed data had 25 columns'))
CS3K320MB-T_20_01_2024_07_14_03.csv — Error parsing metadata rows: ValueError(AssertionError('26 columns passed, passed data had 25 columns'))
CS6K270P_20_01_2024_08_05_19.csv — Error parsing metadata rows: ValueError(AssertionError('26 columns passed, passed data had 25 columns'))
CS6K270P_20_01_2024_09_05_19.csv — Error parsing metadata rows: ValueError(AssertionError('26 columns passed, passed data had 25 columns'))
LG370Q1C_20_01_2024_09_26_35.csv — Error parsing metadata rows: ValueError(AssertionError('26 columns passed, passed data had 25 columns'))
LG370Q1C_20_01_2024_17_36_35.csv — Error parsing metadata rows: ValueError(AssertionError('26 columns passed, passed data had 25 columns'))
QPEAK315_20_01_2024_07_31_16.csv — Error parsing metadata rows: ValueError(AssertionError('26 columns passed, passed data had 25 columns'))
QPEAK315_20_01_2024_09_16_16.csv — Error parsing metadata rows: ValueError(AssertionError('26 columns passed, passed data had 25 columns'))
QPEAK315_20_01_2024_18_16_16.csv — Error parsing metadata rows: ValueError(AssertionError('26 columns passed, passed data had 25 columns'))
VBHN330_20_01_2024_08_05_01.csv — Error parsing metadata rows: ValueError(AssertionError('26 columns passed, passed data had 25 columns'))
CDF1150A1_21_01_2024_09_33_06.csv — Error parsing metadata rows: ValueError(AssertionError('26 columns passed, passed data had 25 columns'))
CS3K320MB-T_21_01_2024_17_04_03.csv — Error parsing metadata rows: ValueError(AssertionError('26 columns passed, passed data had 25 columns'))
CDF1150A1_23_01_2024_07_48_06.csv — Error parsing metadata rows: ValueError(AssertionError('26 columns passed, passed data had 25 columns'))
CDF1150A1_23_01_2024_08_13_06.csv — Error parsing metadata rows: ValueError(AssertionError('26 columns passed, passed data had 25 columns'))
CDF1150A1_23_01_2024_18_13_06.csv — Error parsing metadata rows: ValueError(AssertionError('26 columns passed, passed data had 25 columns'))
CS6K270P_23_01_2024_07_10_19.csv — Error parsing metadata rows: ValueError(AssertionError('26 columns passed, passed data had 25 columns'))
CS6K270P_23_01_2024_08_15_19.csv — Error parsing metadata rows: ValueError(AssertionError('26 columns passed, passed data had 25 columns'))
LG370Q1C_23_01_2024_08_21_35.csv — Error parsing metadata rows: ValueError(AssertionError('26 columns passed, passed data had 25 columns'))
QPEAK315_23_01_2024_07_51_16.csv — Error parsing metadata rows: ValueError(AssertionError('26 columns passed, passed data had 25 columns'))
CS3K320MB-T_24_01_2024_07_29_03.csv — Error parsing metadata rows: ValueError(AssertionError('26 columns passed, passed data had 25 columns'))
CS3K320MB-T_24_01_2024_08_19_03.csv — Error parsing metadata rows: ValueError(AssertionError('26 columns passed, passed data had 25 columns'))
GSA060_24_01_2024_08_22_11.csv — Error parsing metadata rows: ValueError(AssertionError('26 columns passed, passed data had 25 columns'))
CS3K320MB-T_25_01_2024_09_09_03.csv — Error parsing metadata rows: ValueError(AssertionError('26 columns passed, passed data had 25 columns'))
_27_01_2024_12_40_01.csv — Unexpected column count: 21
_27_01_2024___.csv — Unexpected column count: 12
CDF1150A1_28_01_2024_09_08_06.csv — Error parsing metadata rows: ValueError(AssertionError('26 columns passed, passed data had 25 columns'))
CDF1150A1_28_01_2024_10_53_06.csv — Error parsing metadata rows: ValueError(AssertionError('26 columns passed, passed data had 25 columns'))
CDF1150A1_28_01_2024_12_18_06.csv — Error parsing metadata rows: ValueError(AssertionError('26 columns passed, passed data had 25 columns'))
CDF1150A1_28_01_2024_12_33_06.csv — Error parsing metadata rows: ValueError(AssertionError('26 columns passed, passed data had 25 columns'))
LG345N1C_28_01_2024_09_21_53.csv — Error parsing metadata rows: ValueError(AssertionError('26 columns passed, passed data had 25 columns'))
LG370Q1C_28_01_2024_08_31_35.csv — Error parsing metadata rows: ValueError(AssertionError('26 columns passed, passed data had 25 columns'))
QPEAK315_28_01_2024_10_16_16.csv — Error parsing metadata rows: ValueError(AssertionError('26 columns passed, passed data had 25 columns'))
VBHN330_28_01_2024_11_10_01.csv — Error parsing metadata rows: ValueError(AssertionError('26 columns passed, passed data had 25 columns'))
CDF1150A1_29_01_2024_14_08_06.csv — Error parsing metadata rows: ValueError(AssertionError('26 columns passed, passed data had 25 columns'))
GSA060_29_01_2024_18_17_11.csv — Error parsing metadata rows: ValueError(AssertionError('26 columns passed, passed data had 25 columns'))
QPEAK315_29_01_2024_11_16_16.csv — Error parsing metadata rows: ValueError(AssertionError('26 columns passed, passed data had 25 columns'))
CDF1150A1_30_01_2024_09_28_06.csv — Error parsing metadata rows: ValueError(AssertionError('26 columns passed, passed data had 25 columns'))
CDF1150A1_30_01_2024_17_43_06.csv — Error parsing metadata rows: ValueError(AssertionError('26 columns passed, passed data had 25 columns'))
CDF1150A1_30_01_2024_17_58_06.csv — Error parsing metadata rows: ValueError(AssertionError('26 columns passed, passed data had 25 columns'))
CS3K320MB-T_30_01_2024_17_34_03.csv — Error parsing metadata rows: ValueError(AssertionError('26 columns passed, passed data had 25 columns'))
CS3K320MB-V_30_01_2024_17_04_24.csv — Error parsing metadata rows: ValueError(AssertionError('26 columns passed, passed data had 25 columns'))
LG370Q1C_30_01_2024_18_06_35.csv — Error parsing metadata rows: ValueError(AssertionError('26 columns passed, passed data had 25 columns'))
VBHN330_30_01_2024_06_35_01.csv — Error parsing metadata rows: ValueError(AssertionError('26 columns passed, passed data had 25 columns'))
VBHN330_30_01_2024_09_35_01.csv — Error parsing metadata rows: ValueError(AssertionError('26 columns passed, passed data had 25 columns'))
CDF1150A1_31_01_2024_12_03_06.csv — Error parsing metadata rows: ValueError(AssertionError('26 columns passed, passed data had 25 columns'))
CDF1150A1_31_01_2024_12_58_06.csv — Error parsing metadata rows: ValueError(AssertionError('26 columns passed, passed data had 25 columns'))
CDF1150A1_31_01_2024_16_38_06.csv — Error parsing metadata rows: ValueError(AssertionError('26 columns passed, passed data had 25 columns'))
CS3K320MB-T_31_01_2024_16_44_03.csv — Error parsing metadata rows: ValueError(AssertionError('26 columns passed, passed data had 25 columns'))
_31_01_2024_15_14_25.csv — Unexpected column count: 21
CDF1150A1_01_02_2024_10_38_06.csv — Error parsing metadata rows: ValueError(AssertionError('26 columns passed, passed data had 25 columns'))
CDF1150A1_01_02_2024_11_03_06.csv — Error parsing metadata rows: ValueError(AssertionError('26 columns passed, passed data had 25 columns'))
CDF1150A1_01_02_2024_16_13_06.csv — Error parsing metadata rows: ValueError(AssertionError('26 columns passed, passed data had 25 columns'))
CS3K320MB-V_01_02_2024_10_34_24.csv — Error parsing metadata rows: ValueError(AssertionError('26 columns passed, passed data had 25 columns'))
CS3K320MB-V_01_02_2024_12_59_24.csv — Error parsing metadata rows: ValueError(AssertionError('26 columns passed, passed data had 25 columns'))
NAF128GK_01_02_2024_16_10_37.csv — Error parsing metadata rows: ValueError(AssertionError('26 columns passed, passed data had 25 columns'))
CDF1150A1_02_02_2024_14_33_06.csv — Error parsing metadata rows: ValueError(AssertionError('26 columns passed, passed data had 25 columns'))
CS3K320MB-T_02_02_2024_13_24_03.csv — Error parsing metadata rows: ValueError(AssertionError('26 columns passed, passed data had 25 columns'))
GSA060_02_02_2024_10_17_11.csv — Error parsing metadata rows: ValueError(AssertionError('26 columns passed, passed data had 25 columns'))
LG370Q1C_02_02_2024_13_11_35.csv — Error parsing metadata rows: ValueError(AssertionError('26 columns passed, passed data had 25 columns'))
VBHN330_02_02_2024_07_40_01.csv — Error parsing metadata rows: ValueError(AssertionError('26 columns passed, passed data had 25 columns'))
_02_02_2024_15_26_16.csv — Unexpected column count: 21
CS3K320MB-T_04_02_2024_17_24_03.csv — Error parsing metadata rows: ValueError(AssertionError('26 columns passed, passed data had 25 columns'))
QPEAK315_04_02_2024_10_31_16.csv — Error parsing metadata rows: ValueError(AssertionError('26 columns passed, passed data had 25 columns'))
CDF1150A1_05_02_2024_08_33_06.csv — Error parsing metadata rows: ValueError(AssertionError('26 columns passed, passed data had 25 columns'))
CS3K320MB-T_05_02_2024_10_04_03.csv — Error parsing metadata rows: ValueError(AssertionError('26 columns passed, passed data had 25 columns'))
CS3K320MB-T_05_02_2024_10_34_03.csv — Error parsing metadata rows: ValueError(AssertionError('26 columns passed, passed data had 25 columns'))
CS3K320MB-T_05_02_2024_11_24_03.csv — Error parsing metadata rows: ValueError(AssertionError('26 columns passed, passed data had 25 columns'))
CS3K320MB-T_05_02_2024_15_14_03.csv — Error parsing metadata rows: ValueError(AssertionError('26 columns passed, passed data had 25 columns'))
CS3K320MB-T_05_02_2024_18_24_03.csv — Error parsing metadata rows: ValueError(AssertionError('26 columns passed, passed data had 25 columns'))
GSA060_05_02_2024_10_42_11.csv — Error parsing metadata rows: ValueError(AssertionError('26 columns passed, passed data had 25 columns'))
LG345N1C_05_02_2024_08_56_53.csv — Error parsing metadata rows: ValueError(AssertionError('26 columns passed, passed data had 25 columns'))
QPEAK315_05_02_2024_10_41_16.csv — Error parsing metadata rows: ValueError(AssertionError('26 columns passed, passed data had 25 columns'))
CS3K320MB-T_06_02_2024_07_34_03.csv — Error parsing metadata rows: ValueError(AssertionError('26 columns passed, passed data had 25 columns'))
CS6K270P_06_02_2024_06_55_19.csv — Error parsing metadata rows: ValueError(AssertionError('26 columns passed, passed data had 25 columns'))
GSA060_06_02_2024_11_42_11.csv — Error parsing metadata rows: ValueError(AssertionError('26 columns passed, passed data had 25 columns'))
LG370Q1C_06_02_2024_07_51_35.csv — Error parsing metadata rows: ValueError(AssertionError('26 columns passed, passed data had 25 columns'))
QPEAK315_06_02_2024_08_46_16.csv — Error parsing metadata rows: ValueError(AssertionError('26 columns passed, passed data had 25 columns'))
QPEAK315_06_02_2024_16_26_16.csv — Error parsing metadata rows: ValueError(AssertionError('26 columns passed, passed data had 25 columns'))
VBHN330_06_02_2024_07_05_01.csv — Error parsing metadata rows: ValueError(AssertionError('26 columns passed, passed data had 25 columns'))
VBHN330_06_02_2024_08_15_01.csv — Error parsing metadata rows: ValueError(AssertionError('26 columns passed, passed data had 25 columns'))
LG345N1C_07_02_2024_10_56_53.csv — Error parsing metadata rows: ValueError(AssertionError('26 columns passed, passed data had 25 columns'))
LG345N1C_07_02_2024_11_01_53.csv — Error parsing metadata rows: ValueError(AssertionError('26 columns passed, passed data had 25 columns'))
LG345N1C_07_02_2024_11_26_53.csv — Error parsing metadata rows: ValueError(AssertionError('26 columns passed, passed data had 25 columns'))
LG345N1C_07_02_2024_11_36_53.csv — Error parsing metadata rows: ValueError(AssertionError('26 columns passed, passed data had 25 columns'))
LG345N1C_07_02_2024_11_51_53.csv — Error parsing metadata rows: ValueError(AssertionError('26 columns passed, passed data had 25 columns'))
LG345N1C_07_02_2024_12_06_53.csv — Error parsing metadata rows: ValueError(AssertionError('26 columns passed, passed data had 25 columns'))
LG345N1C_07_02_2024_12_26_53.csv — Error parsing metadata rows: ValueError(AssertionError('26 columns passed, passed data had 25 columns'))
LG345N1C_07_02_2024_12_31_53.csv — Error parsing metadata rows: ValueError(AssertionError('26 columns passed, passed data had 25 columns'))
LG345N1C_07_02_2024_12_36_53.csv — Error parsing metadata rows: ValueError(AssertionError('26 columns passed, passed data had 25 columns'))
LG345N1C_07_02_2024_12_41_53.csv — Error parsing metadata rows: ValueError(AssertionError('26 columns passed, passed data had 25 columns'))
LG345N1C_07_02_2024_12_56_53.csv — Error parsing metadata rows: ValueError(AssertionError('26 columns passed, passed data had 25 columns'))
LG345N1C_07_02_2024_13_11_53.csv — Error parsing metadata rows: ValueError(AssertionError('26 columns passed, passed data had 25 columns'))
LG345N1C_07_02_2024_14_26_53.csv — Error parsing metadata rows: ValueError(AssertionError('26 columns passed, passed data had 25 columns'))
LG345N1C_07_02_2024_14_46_53.csv — Error parsing metadata rows: ValueError(AssertionError('26 columns passed, passed data had 25 columns'))
LG345N1C_07_02_2024_14_56_53.csv — Error parsing metadata rows: ValueError(AssertionError('26 columns passed, passed data had 25 columns'))
LG345N1C_07_02_2024_15_21_53.csv — Error parsing metadata rows: ValueError(AssertionError('26 columns passed, passed data had 25 columns'))
LG345N1C_07_02_2024_15_36_53.csv — Error parsing metadata rows: ValueError(AssertionError('26 columns passed, passed data had 25 columns'))
LG345N1C_07_02_2024_16_21_53.csv — Error parsing metadata rows: ValueError(AssertionError('26 columns passed, passed data had 25 columns'))
LG345N1C_07_02_2024_16_41_53.csv — Error parsing metadata rows: ValueError(AssertionError('26 columns passed, passed data had 25 columns'))
LG345N1C_07_02_2024_17_01_53.csv — Error parsing metadata rows: ValueError(AssertionError('26 columns passed, passed data had 25 columns'))
LG345N1C_07_02_2024_17_11_53.csv — Error parsing metadata rows: ValueError(AssertionError('26 columns passed, passed data had 25 columns'))
LG345N1C_07_02_2024_17_46_53.csv — Error parsing metadata rows: ValueError(AssertionError('26 columns passed, passed data had 25 columns'))
CDF1150A1_08_02_2024_08_38_06.csv — Error parsing metadata rows: ValueError(AssertionError('26 columns passed, passed data had 25 columns'))
CDF1150A1_08_02_2024_17_23_06.csv — Error parsing metadata rows: ValueError(AssertionError('26 columns passed, passed data had 25 columns'))
CS3K320MB-T_08_02_2024_08_24_03.csv — Error parsing metadata rows: ValueError(AssertionError('26 columns passed, passed data had 25 columns'))
CS3K320MB-T_08_02_2024_11_09_03.csv — Error parsing metadata rows: ValueError(AssertionError('26 columns passed, passed data had 25 columns'))
CS3K320MB-T_08_02_2024_17_29_03.csv — Error parsing metadata rows: ValueError(AssertionError('26 columns passed, passed data had 25 columns'))
CS6K270P_08_02_2024_07_55_19.csv — Error parsing metadata rows: ValueError(AssertionError('26 columns passed, passed data had 25 columns'))
LG345N1C_08_02_2024_07_31_53.csv — Error parsing metadata rows: ValueError(AssertionError('26 columns passed, passed data had 25 columns'))
LG345N1C_08_02_2024_07_51_53.csv — Error parsing metadata rows: ValueError(AssertionError('26 columns passed, passed data had 25 columns'))
LG345N1C_08_02_2024_08_11_53.csv — Error parsing metadata rows: ValueError(AssertionError('26 columns passed, passed data had 25 columns'))
LG345N1C_08_02_2024_08_46_53.csv — Error parsing metadata rows: ValueError(AssertionError('26 columns passed, passed data had 25 columns'))
LG345N1C_08_02_2024_08_51_53.csv — Error parsing metadata rows: ValueError(AssertionError('26 columns passed, passed data had 25 columns'))
LG345N1C_08_02_2024_09_01_53.csv — Error parsing metadata rows: ValueError(AssertionError('26 columns passed, passed data had 25 columns'))
LG345N1C_08_02_2024_09_26_53.csv — Error parsing metadata rows: ValueError(AssertionError('26 columns passed, passed data had 25 columns'))
LG345N1C_08_02_2024_10_16_53.csv — Error parsing metadata rows: ValueError(AssertionError('26 columns passed, passed data had 25 columns'))
LG345N1C_08_02_2024_10_31_53.csv — Error parsing metadata rows: ValueError(AssertionError('26 columns passed, passed data had 25 columns'))
LG345N1C_08_02_2024_10_56_53.csv — Error parsing metadata rows: ValueError(AssertionError('26 columns passed, passed data had 25 columns'))
LG345N1C_08_02_2024_11_06_53.csv — Error parsing metadata rows: ValueError(AssertionError('26 columns passed, passed data had 25 columns'))
QPEAK315_08_02_2024_08_06_16.csv — Error parsing metadata rows: ValueError(AssertionError('26 columns passed, passed data had 25 columns'))
CS3K320MB-T_09_02_2024_09_59_03.csv — Error parsing metadata rows: ValueError(AssertionError('26 columns passed, passed data had 25 columns'))
_09_02_2024_10_00_01.csv — Unexpected column count: 21
_09_02_2024_14_41_16.csv — Unexpected column count: 21
_09_02_2024_18_00_19.csv — Unexpected column count: 21
CDF1150A1_10_02_2024_17_38_06.csv — Error parsing metadata rows: ValueError(AssertionError('26 columns passed, passed data had 25 columns'))
CS3K320MB-T_10_02_2024_15_49_06.csv — Error parsing metadata rows: ValueError(AssertionError('26 columns passed, passed data had 25 columns'))
CS3K320MB-T_10_02_2024_17_44_06.csv — Error parsing metadata rows: ValueError(AssertionError('26 columns passed, passed data had 25 columns'))
GSA060_10_02_2024_07_17_11.csv — Error parsing metadata rows: ValueError(AssertionError('26 columns passed, passed data had 25 columns'))
NAF128GK_10_02_2024_07_15_37.csv — Error parsing metadata rows: ValueError(AssertionError('26 columns passed, passed data had 25 columns'))
CDF1150A1_11_02_2024_07_43_06.csv — Error parsing metadata rows: ValueError(AssertionError('26 columns passed, passed data had 25 columns'))
CDF1150A1_11_02_2024_09_13_06.csv — Error parsing metadata rows: ValueError(AssertionError('26 columns passed, passed data had 25 columns'))
NAF128GK_11_02_2024_07_40_37.csv — Error parsing metadata rows: ValueError(AssertionError('26 columns passed, passed data had 25 columns'))
QPEAK315_11_02_2024_09_11_16.csv — Error parsing metadata rows: ValueError(AssertionError('26 columns passed, passed data had 25 columns'))
VBHN330_11_02_2024_09_10_01.csv — Error parsing metadata rows: ValueError(AssertionError('26 columns passed, passed data had 25 columns'))
CDF1150A1_12_02_2024_13_53_06.csv — Error parsing metadata rows: ValueError(AssertionError('26 columns passed, passed data had 25 columns'))
CS3K320MB-T_12_02_2024_17_24_06.csv — Error parsing metadata rows: ValueError(AssertionError('26 columns passed, passed data had 25 columns'))
LG345N1C_12_02_2024_15_51_53.csv — Error parsing metadata rows: ValueError(AssertionError('26 columns passed, passed data had 25 columns'))
NAF128GK_12_02_2024_11_00_37.csv — Error parsing metadata rows: ValueError(AssertionError('26 columns passed, passed data had 25 columns'))
QPEAK315_12_02_2024_17_21_16.csv — Error parsing metadata rows: ValueError(AssertionError('26 columns passed, passed data had 25 columns'))
QPEAK315_12_02_2024_17_41_16.csv — Error parsing metadata rows: ValueError(AssertionError('26 columns passed, passed data had 25 columns'))
CDF1150A1_13_02_2024_17_43_06.csv — Error parsing metadata rows: ValueError(AssertionError('26 columns passed, passed data had 25 columns'))
CS3K320MB-T_13_02_2024_17_34_06.csv — Error parsing metadata rows: ValueError(AssertionError('26 columns passed, passed data had 25 columns'))
CS3K320MB-T_13_02_2024_17_54_06.csv — Error parsing metadata rows: ValueError(AssertionError('26 columns passed, passed data had 25 columns'))
QPEAK315_13_02_2024_17_36_16.csv — Error parsing metadata rows: ValueError(AssertionError('26 columns passed, passed data had 25 columns'))
QPEAK315_13_02_2024_17_51_16.csv — Error parsing metadata rows: ValueError(AssertionError('26 columns passed, passed data had 25 columns'))
CDF1150A1_14_02_2024_09_18_06.csv — Error parsing metadata rows: ValueError(AssertionError('26 columns passed, passed data had 25 columns'))
CDF1150A1_14_02_2024_17_48_06.csv — Error parsing metadata rows: ValueError(AssertionError('26 columns passed, passed data had 25 columns'))
CS3K320MB-T_14_02_2024_17_44_06.csv — Error parsing metadata rows: ValueError(AssertionError('26 columns passed, passed data had 25 columns'))
CS6K270P_14_02_2024_08_25_19.csv — Error parsing metadata rows: ValueError(AssertionError('26 columns passed, passed data had 25 columns'))
QPEAK315_14_02_2024_08_36_16.csv — Error parsing metadata rows: ValueError(AssertionError('26 columns passed, passed data had 25 columns'))
QPEAK315_14_02_2024_10_06_16.csv — Error parsing metadata rows: ValueError(AssertionError('26 columns passed, passed data had 25 columns'))
VBHN330_14_02_2024_09_10_01.csv — Error parsing metadata rows: ValueError(AssertionError('26 columns passed, passed data had 25 columns'))
VBHN330_14_02_2024_18_25_01.csv — Error parsing metadata rows: ValueError(AssertionError('26 columns passed, passed data had 25 columns'))
CS3K320MB-T_15_02_2024_07_54_06.csv — Error parsing metadata rows: ValueError(AssertionError('26 columns passed, passed data had 25 columns'))
CS3K320MB-T_15_02_2024_08_19_06.csv — Error parsing metadata rows: ValueError(AssertionError('26 columns passed, passed data had 25 columns'))
CS6K270P_15_02_2024_08_00_19.csv — Error parsing metadata rows: ValueError(AssertionError('26 columns passed, passed data had 25 columns'))
VBHN330_15_02_2024_07_15_01.csv — Error parsing metadata rows: ValueError(AssertionError('26 columns passed, passed data had 25 columns'))
VBHN330_16_02_2024_16_00_01.csv — Error parsing metadata rows: ValueError(AssertionError('26 columns passed, passed data had 25 columns'))
QPEAK315_17_02_2024_08_51_16.csv — Error parsing metadata rows: ValueError(AssertionError('26 columns passed, passed data had 25 columns'))
VBHN330_17_02_2024_18_25_01.csv — Error parsing metadata rows: ValueError(AssertionError('26 columns passed, passed data had 25 columns'))
QPEAK315_18_02_2024_18_06_16.csv — Error parsing metadata rows: ValueError(AssertionError('26 columns passed, passed data had 25 columns'))
_19_02_2024_07_29_24.csv — Unexpected column count: 21
_29_02_2024_13_42_11.csv — Unexpected column count: 21
_29_02_2024_13_49_03.csv — Unexpected column count: 21
CS3K320MB-V_14_03_2024_09_34_24.csv — Error parsing metadata rows: ValueError(AssertionError('26 columns passed, passed data had 25 columns'))
CS3K320MB-V_14_03_2024_09_49_24.csv — Error parsing metadata rows: ValueError(AssertionError('26 columns passed, passed data had 25 columns'))
CS3K320MB-V_14_03_2024_10_49_24.csv — Error parsing metadata rows: ValueError(AssertionError('26 columns passed, passed data had 25 columns'))
CS3K320MB-V_14_03_2024_11_34_24.csv — Error parsing metadata rows: ValueError(AssertionError('26 columns passed, passed data had 25 columns'))
CS3K320MB-T_22_03_2024_12_19_03.csv — Error parsing metadata rows: ValueError(AssertionError('26 columns passed, passed data had 25 columns'))
CS3K320MB-T_22_03_2024_13_39_03.csv — Error parsing metadata rows: ValueError(AssertionError('26 columns passed, passed data had 25 columns'))
CS3K320MB-T_22_03_2024_13_44_03.csv — Error parsing metadata rows: ValueError(AssertionError('26 columns passed, passed data had 25 columns'))
CS3K320MB-T_22_03_2024_13_49_03.csv — Error parsing metadata rows: ValueError(AssertionError('26 columns passed, passed data had 25 columns'))
_27_03_2024_12_49_03.csv — Unexpected column count: 21
QPEAK315_02_07_2024_08_56_16.csv — Error reading CSV: ParserError('field larger than field limit (131072)')
CS6K270P_08_07_2024_14_00_19.csv — Error parsing metadata rows: ValueError(AssertionError('26 columns passed, passed data had 25 columns'))
_15_10_2024_17_00_01.csv — Unexpected column count: 21
_15_10_2024_17_00_19.csv — Unexpected column count: 21
_16_10_2024_16_06_16.csv — Unexpected column count: 21
_16_10_2024_17_27_11.csv — Unexpected column count: 21
_16_10_2024___.csv — Unexpected column count: 12
_17_10_2024_07_34_06.csv — Unexpected column count: 21
_17_10_2024_07_34_26.csv — Unexpected column count: 21
_24_10_2024_13_41_16.csv — Unexpected column count: 21
_24_10_2024_15_33_04.csv — Unexpected column count: 21
CS3K320MB-T_25_11_2024_11_59_06.csv — Error parsing metadata rows: ValueError(AssertionError('26 columns passed, passed data had 25 columns'))
CS3K320MB-T_25_11_2024_13_14_06.csv — Error parsing metadata rows: ValueError(AssertionError('26 columns passed, passed data had 25 columns'))
LG345N1C_25_11_2024_12_36_53.csv — Error parsing metadata rows: ValueError(AssertionError('26 columns passed, passed data had 25 columns'))
LG345N1C_25_11_2024_13_01_53.csv — Error parsing metadata rows: ValueError(AssertionError('26 columns passed, passed data had 25 columns'))
QPEAK315_25_11_2024_12_56_16.csv — Error parsing metadata rows: ValueError(AssertionError('26 columns passed, passed data had 25 columns'))
QPEAK315_25_11_2024_13_06_16.csv — Error parsing metadata rows: ValueError(AssertionError('26 columns passed, passed data had 25 columns'))
VBHN330_25_11_2024_13_00_01.csv — Error parsing metadata rows: ValueError(AssertionError('26 columns passed, passed data had 25 columns'))
_26_11_2024_15_28_04.csv — Unexpected column count: 21
_26_11_2024_15_31_53.csv — Unexpected column count: 21
_26_11_2024_15_45_01.csv — Unexpected column count: 21
_26_11_2024___.csv — Unexpected column count: 12
CS3K320MB-T_27_11_2024_11_09_06.csv — Error parsing metadata rows: ValueError(AssertionError('26 columns passed, passed data had 25 columns'))
QPEAK315_27_11_2024_11_11_16.csv — Error parsing metadata rows: ValueError(AssertionError('26 columns passed, passed data had 25 columns'))
QPEAK315_28_11_2024_10_41_16.csv — Error parsing metadata rows: ValueError(AssertionError('26 columns passed, passed data had 25 columns'))
_28_11_2024_06_13_04.csv — Unexpected column count: 21
CDF1150A1_29_11_2024_14_28_04.csv — Error parsing metadata rows: ValueError(AssertionError('26 columns passed, passed data had 25 columns'))
CS3K320MB-T_29_11_2024_13_54_06.csv — Error parsing metadata rows: ValueError(AssertionError('26 columns passed, passed data had 25 columns'))
CS3K320MB-T_29_11_2024_14_29_06.csv — Error parsing metadata rows: ValueError(AssertionError('26 columns passed, passed data had 25 columns'))
CS6K270P_29_11_2024_14_30_19.csv — Error parsing metadata rows: ValueError(AssertionError('26 columns passed, passed data had 25 columns'))
GSA060_29_11_2024_14_32_11.csv — Error parsing metadata rows: ValueError(AssertionError('26 columns passed, passed data had 25 columns'))
NAF128GK_29_11_2024_10_50_37.csv — Error parsing metadata rows: ValueError(AssertionError('26 columns passed, passed data had 25 columns'))
CS3K320MB-T_12_12_2024_13_09_06.csv — Error parsing metadata rows: ValueError(AssertionError('26 columns passed, passed data had 25 columns'))
CS3K320MB-T_14_12_2024_15_04_06.csv — Error parsing metadata rows: ValueError(AssertionError('26 columns passed, passed data had 25 columns'))
CS3K320MB-T_15_12_2024_08_04_06.csv — Error parsing metadata rows: ValueError(AssertionError('26 columns passed, passed data had 25 columns'))
_28_03_2025_19_18_00.csv — Unexpected column count: 21
_28_03_2025_19_20_00.csv — Unexpected column count: 21
_28_03_2025_19_40_00.csv — Unexpected column count: 21
CHSM78N630_16_04_2025_16_34_06.csv — Error parsing metadata rows: ValueError(AssertionError('26 columns passed, passed data had 25 columns'))
CHSM78N630_06_05_2025_12_19_06.csv — Error parsing metadata rows: ValueError(AssertionError('26 columns passed, passed data had 25 columns'))
_06_05_2025_11_31_16.csv — Unexpected column count: 21
_06_05_2025_11_34_06.csv — Unexpected column count: 21
_06_05_2025_11_34_26.csv — Unexpected column count: 21
_06_05_2025___.csv — Unexpected column count: 12
CHSM78N630_07_05_2025_11_04_06.csv — Error parsing metadata rows: ValueError(AssertionError('26 columns passed, passed data had 25 columns'))
CHSM78N630-V_14_06_2025_07_59_27.csv — Error parsing metadata rows: ValueError(AssertionError('26 columns passed, passed data had 25 columns'))
CHSM78N630-V_14_06_2025_08_09_27.csv — Error parsing metadata rows: ValueError(AssertionError('26 columns passed, passed data had 25 columns'))
CHSM78N630-V_14_06_2025_08_59_27.csv — Error parsing metadata rows: ValueError(AssertionError('26 columns passed, passed data had 25 columns'))
CHSM78N630-V_14_06_2025_10_29_27.csv — Error parsing metadata rows: ValueError(AssertionError('26 columns passed, passed data had 25 columns'))
CHSM78N630-V_14_06_2025_11_24_27.csv — Error parsing metadata rows: ValueError(AssertionError('26 columns passed, passed data had 25 columns'))
CHSM78N630_14_06_2025_14_09_06.csv — Error parsing metadata rows: ValueError(AssertionError('26 columns passed, passed data had 25 columns'))
CIEH5C1325-V_14_06_2025_08_45_37.csv — Error parsing metadata rows: ValueError(AssertionError('26 columns passed, passed data had 25 columns'))
CIEH5C1325-V_14_06_2025_08_50_37.csv — Error parsing metadata rows: ValueError(AssertionError('26 columns passed, passed data had 25 columns'))
CIEH5C1325-V_14_06_2025_09_55_37.csv — Error parsing metadata rows: ValueError(AssertionError('26 columns passed, passed data had 25 columns'))
CIEH5C1325-V_14_06_2025_15_20_37.csv — Error parsing metadata rows: ValueError(AssertionError('26 columns passed, passed data had 25 columns'))
CIEH5C1325-V_14_06_2025_16_50_37.csv — Error parsing metadata rows: ValueError(AssertionError('26 columns passed, passed data had 25 columns'))
CS6K270P_14_06_2025_07_45_19.csv — Error parsing metadata rows: ValueError(AssertionError('26 columns passed, passed data had 25 columns'))
CS6K270P_14_06_2025_07_50_19.csv — Error parsing metadata rows: ValueError(AssertionError('26 columns passed, passed data had 25 columns'))
CS6K270P_14_06_2025_08_35_19.csv — Error parsing metadata rows: ValueError(AssertionError('26 columns passed, passed data had 25 columns'))
CS6K270P_14_06_2025_08_40_19.csv — Error parsing metadata rows: ValueError(AssertionError('26 columns passed, passed data had 25 columns'))
CS6K270P_14_06_2025_08_50_19.csv — Error parsing metadata rows: ValueError(AssertionError('26 columns passed, passed data had 25 columns'))
CS6K270P_14_06_2025_12_20_19.csv — Error parsing metadata rows: ValueError(AssertionError('26 columns passed, passed data had 25 columns'))
LG345N1C_14_06_2025_08_31_53.csv — Error parsing metadata rows: ValueError(AssertionError('26 columns passed, passed data had 25 columns'))
LG345N1C_14_06_2025_09_06_53.csv — Error parsing metadata rows: ValueError(AssertionError('26 columns passed, passed data had 25 columns'))
LG370Q1C_14_06_2025_08_06_35.csv — Error parsing metadata rows: ValueError(AssertionError('26 columns passed, passed data had 25 columns'))
LG370Q1C_14_06_2025_11_11_35.csv — Error parsing metadata rows: ValueError(AssertionError('26 columns passed, passed data had 25 columns'))
QPEAK315_14_06_2025_09_06_16.csv — Error parsing metadata rows: ValueError(AssertionError('26 columns passed, passed data had 25 columns'))
QPEAK315_14_06_2025_14_26_16.csv — Error parsing metadata rows: ValueError(AssertionError('26 columns passed, passed data had 25 columns'))
VBHN330_14_06_2025_11_30_01.csv — Error parsing metadata rows: ValueError(AssertionError('26 columns passed, passed data had 25 columns'))
CIEH5C1325-V_15_06_2025_13_20_37.csv — Error parsing metadata rows: ValueError(AssertionError('26 columns passed, passed data had 25 columns'))
LG345N1C_15_06_2025_10_56_53.csv — Error parsing metadata rows: ValueError(AssertionError('26 columns passed, passed data had 25 columns'))
LG345N1C_15_06_2025_15_26_53.csv — Error parsing metadata rows: ValueError(AssertionError('26 columns passed, passed data had 25 columns'))
LG370Q1C_15_06_2025_10_26_35.csv — Error parsing metadata rows: ValueError(AssertionError('26 columns passed, passed data had 25 columns'))
LG370Q1C_15_06_2025_11_11_35.csv — Error parsing metadata rows: ValueError(AssertionError('26 columns passed, passed data had 25 columns'))
LG370Q1C_15_06_2025_14_26_35.csv — Error parsing metadata rows: ValueError(AssertionError('26 columns passed, passed data had 25 columns'))
QPEAK315_15_06_2025_12_51_16.csv — Error parsing metadata rows: ValueError(AssertionError('26 columns passed, passed data had 25 columns'))
QPEAK315_15_06_2025_13_26_16.csv — Error parsing metadata rows: ValueError(AssertionError('26 columns passed, passed data had 25 columns'))
CHSM78N630-V_16_06_2025_09_24_27.csv — Error parsing metadata rows: ValueError(AssertionError('26 columns passed, passed data had 25 columns'))
CHSM78N630-V_16_06_2025_09_54_27.csv — Error parsing metadata rows: ValueError(AssertionError('26 columns passed, passed data had 25 columns'))
CHSM78N630_16_06_2025_10_09_06.csv — Error parsing metadata rows: ValueError(AssertionError('26 columns passed, passed data had 25 columns'))
CIEH5C1325-V_16_06_2025_08_05_37.csv — Error parsing metadata rows: ValueError(AssertionError('26 columns passed, passed data had 25 columns'))
CS6K270P_16_06_2025_10_20_19.csv — Error parsing metadata rows: ValueError(AssertionError('26 columns passed, passed data had 25 columns'))
LG370Q1C_16_06_2025_12_31_35.csv — Error parsing metadata rows: ValueError(AssertionError('26 columns passed, passed data had 25 columns'))
VBHN330_16_06_2025_08_30_01.csv — Error parsing metadata rows: ValueError(AssertionError('26 columns passed, passed data had 25 columns'))
CS3K320MB-f_29_08_2025_14_22_11.csv — Error parsing metadata rows: ValueError(AssertionError('26 columns passed, passed data had 25 columns'))
_03_09_2025_17_32_19.csv — Unexpected column count: 21
CS3K320MB-r_08_09_2025_11_07_28.csv — Error parsing metadata rows: ValueError(AssertionError('26 columns passed, passed data had 25 columns'))
CDF1150A1_21_09_2025_10_28_04.csv — Error parsing metadata rows: ValueError(AssertionError('26 columns passed, passed data had 25 columns'))
CIEH5C1325-V_22_09_2025_11_50_37.csv — Error parsing metadata rows: ValueError(AssertionError('26 columns passed, passed data had 25 columns'))
LG345N1C_22_09_2025_09_16_53.csv — Error parsing metadata rows: ValueError(AssertionError('26 columns passed, passed data had 25 columns'))
TSMDEG405-r_23_09_2025_09_47_28.csv — Error parsing metadata rows: ValueError(AssertionError('26 columns passed, passed data had 25 columns'))
CHSM78N630_29_09_2025_12_44_06.csv — Error parsing metadata rows: ValueError(AssertionError('26 columns passed, passed data had 25 columns'))
CS6K270P_29_09_2025_16_55_19.csv — Error parsing metadata rows: ValueError(AssertionError('26 columns passed, passed data had 25 columns'))
QPEAK315_29_09_2025_16_41_16.csv — Error parsing metadata rows: ValueError(AssertionError('26 columns passed, passed data had 25 columns'))
CHSM78N630_30_09_2025_09_24_06.csv — Error parsing metadata rows: ValueError(AssertionError('26 columns passed, passed data had 25 columns'))
CHSM78N630_30_09_2025_11_14_06.csv — Error parsing metadata rows: ValueError(AssertionError('26 columns passed, passed data had 25 columns'))
CHSM78N630_30_09_2025_15_24_06.csv — Error parsing metadata rows: ValueError(AssertionError('26 columns passed, passed data had 25 columns'))
CIEH5C1325-V_01_10_2025_15_30_37.csv — Error parsing metadata rows: ValueError(AssertionError('26 columns passed, passed data had 25 columns'))
QPEAK315_01_10_2025_14_41_16.csv — Error parsing metadata rows: ValueError(AssertionError('26 columns passed, passed data had 25 columns'))
CDF1150A1_02_10_2025_14_53_04.csv — Error parsing metadata rows: ValueError(AssertionError('26 columns passed, passed data had 25 columns'))
CHSM78N630-V_02_10_2025_14_24_27.csv — Error parsing metadata rows: ValueError(AssertionError('26 columns passed, passed data had 25 columns'))
CHSM78N630-V_02_10_2025_15_09_27.csv — Error parsing metadata rows: ValueError(AssertionError('26 columns passed, passed data had 25 columns'))
CHSM78N630_02_10_2025_14_44_06.csv — Error parsing metadata rows: ValueError(AssertionError('26 columns passed, passed data had 25 columns'))
CIEH5C1325-V_02_10_2025_13_50_37.csv — Error parsing metadata rows: ValueError(AssertionError('26 columns passed, passed data had 25 columns'))
LG345N1C_02_10_2025_11_26_53.csv — Error parsing metadata rows: ValueError(AssertionError('26 columns passed, passed data had 25 columns'))
LG345N1C_02_10_2025_14_36_53.csv — Error parsing metadata rows: ValueError(AssertionError('26 columns passed, passed data had 25 columns'))
QPEAK315_02_10_2025_12_26_16.csv — Error parsing metadata rows: ValueError(AssertionError('26 columns passed, passed data had 25 columns'))
QPEAK315_02_10_2025_14_41_16.csv — Error parsing metadata rows: ValueError(AssertionError('26 columns passed, passed data had 25 columns'))
TSMDEG405-f_02_10_2025_12_17_11.csv — Error parsing metadata rows: ValueError(AssertionError('26 columns passed, passed data had 25 columns'))
TSMDEG405-f_02_10_2025_13_52_11.csv — Error parsing metadata rows: ValueError(AssertionError('26 columns passed, passed data had 25 columns'))
TSMDEG405-f_02_10_2025_14_52_11.csv — Error parsing metadata rows: ValueError(AssertionError('26 columns passed, passed data had 25 columns'))
CHSM78N630-V_03_10_2025_10_19_27.csv — Error parsing metadata rows: ValueError(AssertionError('26 columns passed, passed data had 25 columns'))
CHSM78N630_03_10_2025_14_29_06.csv — Error parsing metadata rows: ValueError(AssertionError('26 columns passed, passed data had 25 columns'))
CIEH5C1325-V_03_10_2025_12_35_37.csv — Error parsing metadata rows: ValueError(AssertionError('26 columns passed, passed data had 25 columns'))
CS6K270P_03_10_2025_11_55_19.csv — Error parsing metadata rows: ValueError(AssertionError('26 columns passed, passed data had 25 columns'))
LG370Q1C_03_10_2025_12_01_35.csv — Error parsing metadata rows: ValueError(AssertionError('26 columns passed, passed data had 25 columns'))
TSMDEG405-f_03_10_2025_12_27_11.csv — Error parsing metadata rows: ValueError(AssertionError('26 columns passed, passed data had 25 columns'))
TSMDEG405-f_03_10_2025_12_57_11.csv — Error parsing metadata rows: ValueError(AssertionError('26 columns passed, passed data had 25 columns'))
VBHN330_03_10_2025_12_45_01.csv — Error parsing metadata rows: ValueError(AssertionError('26 columns passed, passed data had 25 columns'))
CHSM78N630_04_10_2025_09_59_06.csv — Error parsing metadata rows: ValueError(AssertionError('26 columns passed, passed data had 25 columns'))
QPEAK315_04_10_2025_08_21_16.csv — Error parsing metadata rows: ValueError(AssertionError('26 columns passed, passed data had 25 columns'))
QPEAK315_04_10_2025_09_31_16.csv — Error parsing metadata rows: ValueError(AssertionError('26 columns passed, passed data had 25 columns'))
TSMDEG405-f_04_10_2025_09_52_11.csv — Error parsing metadata rows: ValueError(AssertionError('26 columns passed, passed data had 25 columns'))
CDF1150A1_11_10_2025_12_53_04.csv — Error parsing metadata rows: ValueError(AssertionError('26 columns passed, passed data had 25 columns'))
CDF1150A1_11_10_2025_13_23_04.csv — Error parsing metadata rows: ValueError(AssertionError('26 columns passed, passed data had 25 columns'))
CDF1150A1_11_10_2025_13_33_04.csv — Error parsing metadata rows: ValueError(AssertionError('26 columns passed, passed data had 25 columns'))
CHSM78N630_11_10_2025_12_39_06.csv — Error parsing metadata rows: ValueError(AssertionError('26 columns passed, passed data had 25 columns'))
CHSM78N630_11_10_2025_13_19_06.csv — Error parsing metadata rows: ValueError(AssertionError('26 columns passed, passed data had 25 columns'))
CHSM78N630_11_10_2025_13_24_06.csv — Error parsing metadata rows: ValueError(AssertionError('26 columns passed, passed data had 25 columns'))
CHSM78N630_11_10_2025_15_34_06.csv — Error parsing metadata rows: ValueError(AssertionError('26 columns passed, passed data had 25 columns'))
CHSM78N630_11_10_2025_16_54_06.csv — Error parsing metadata rows: ValueError(AssertionError('26 columns passed, passed data had 25 columns'))
CHSM78N630_11_10_2025_17_29_06.csv — Error parsing metadata rows: ValueError(AssertionError('26 columns passed, passed data had 25 columns'))
CS6K270P_11_10_2025_16_10_19.csv — Error parsing metadata rows: ValueError(AssertionError('26 columns passed, passed data had 25 columns'))
LG345N1C_11_10_2025_12_06_53.csv — Error parsing metadata rows: ValueError(AssertionError('26 columns passed, passed data had 25 columns'))
LG345N1C_11_10_2025_13_51_53.csv — Error parsing metadata rows: ValueError(AssertionError('26 columns passed, passed data had 25 columns'))
LG345N1C_11_10_2025_16_46_53.csv — Error parsing metadata rows: ValueError(AssertionError('26 columns passed, passed data had 25 columns'))
LG370Q1C_11_10_2025_13_11_35.csv — Error parsing metadata rows: ValueError(AssertionError('26 columns passed, passed data had 25 columns'))
LG370Q1C_11_10_2025_13_26_35.csv — Error parsing metadata rows: ValueError(AssertionError('26 columns passed, passed data had 25 columns'))
LG370Q1C_11_10_2025_13_51_35.csv — Error parsing metadata rows: ValueError(AssertionError('26 columns passed, passed data had 25 columns'))
LG370Q1C_11_10_2025_17_31_35.csv — Error parsing metadata rows: ValueError(AssertionError('26 columns passed, passed data had 25 columns'))
QPEAK315_11_10_2025_13_01_16.csv — Error parsing metadata rows: ValueError(AssertionError('26 columns passed, passed data had 25 columns'))
QPEAK315_11_10_2025_13_56_16.csv — Error parsing metadata rows: ValueError(AssertionError('26 columns passed, passed data had 25 columns'))
QPEAK315_11_10_2025_17_26_16.csv — Error parsing metadata rows: ValueError(AssertionError('26 columns passed, passed data had 25 columns'))
QPEAK315_11_10_2025_17_36_16.csv — Error parsing metadata rows: ValueError(AssertionError('26 columns passed, passed data had 25 columns'))
TSMDEG405-f_11_10_2025_13_22_11.csv — Error parsing metadata rows: ValueError(AssertionError('26 columns passed, passed data had 25 columns'))
TSMDEG405-r_11_10_2025_12_42_28.csv — Error parsing metadata rows: ValueError(AssertionError('26 columns passed, passed data had 25 columns'))
TSMDEG405-r_11_10_2025_12_57_28.csv — Error parsing metadata rows: ValueError(AssertionError('26 columns passed, passed data had 25 columns'))
TSMDEG405-r_11_10_2025_13_07_28.csv — Error parsing metadata rows: ValueError(AssertionError('26 columns passed, passed data had 25 columns'))
TSMDEG405-r_11_10_2025_16_37_28.csv — Error parsing metadata rows: ValueError(AssertionError('26 columns passed, passed data had 25 columns'))
TSMDEG405-r_11_10_2025_17_27_28.csv — Error parsing metadata rows: ValueError(AssertionError('26 columns passed, passed data had 25 columns'))
CHSM78N630_12_10_2025_12_29_06.csv — Error parsing metadata rows: ValueError(AssertionError('26 columns passed, passed data had 25 columns'))
CHSM78N630_12_10_2025_13_04_06.csv — Error parsing metadata rows: ValueError(AssertionError('26 columns passed, passed data had 25 columns'))
CHSM78N630_12_10_2025_15_54_06.csv — Error parsing metadata rows: ValueError(AssertionError('26 columns passed, passed data had 25 columns'))
CIEH5C1325-V_12_10_2025_12_45_37.csv — Error parsing metadata rows: ValueError(AssertionError('26 columns passed, passed data had 25 columns'))
CS6K270P_12_10_2025_16_30_19.csv — Error parsing metadata rows: ValueError(AssertionError('26 columns passed, passed data had 25 columns'))
LG345N1C_12_10_2025_15_11_53.csv — Error parsing metadata rows: ValueError(AssertionError('26 columns passed, passed data had 25 columns'))
LG345N1C_12_10_2025_16_16_53.csv — Error parsing metadata rows: ValueError(AssertionError('26 columns passed, passed data had 25 columns'))
LG370Q1C_12_10_2025_13_31_35.csv — Error parsing metadata rows: ValueError(AssertionError('26 columns passed, passed data had 25 columns'))
QPEAK315_12_10_2025_11_46_16.csv — Error parsing metadata rows: ValueError(AssertionError('26 columns passed, passed data had 25 columns'))
QPEAK315_12_10_2025_13_31_16.csv — Error parsing metadata rows: ValueError(AssertionError('26 columns passed, passed data had 25 columns'))
QPEAK315_12_10_2025_15_51_16.csv — Error parsing metadata rows: ValueError(AssertionError('26 columns passed, passed data had 25 columns'))
QPEAK315_12_10_2025_16_31_16.csv — Error parsing metadata rows: ValueError(AssertionError('26 columns passed, passed data had 25 columns'))
QPEAK315_12_10_2025_16_41_16.csv — Error parsing metadata rows: ValueError(AssertionError('26 columns passed, passed data had 25 columns'))
TSMDEG405-f_12_10_2025_12_27_11.csv — Error parsing metadata rows: ValueError(AssertionError('26 columns passed, passed data had 25 columns'))
TSMDEG405-r_12_10_2025_12_02_28.csv — Error parsing metadata rows: ValueError(AssertionError('26 columns passed, passed data had 25 columns'))
CDF1150A1_13_10_2025_10_33_04.csv — Error parsing metadata rows: ValueError(AssertionError('26 columns passed, passed data had 25 columns'))
CDF1150A1_13_10_2025_11_58_04.csv — Error parsing metadata rows: ValueError(AssertionError('26 columns passed, passed data had 25 columns'))
CDF1150A1_13_10_2025_17_08_04.csv — Error parsing metadata rows: ValueError(AssertionError('26 columns passed, passed data had 25 columns'))
CHSM78N630-V_13_10_2025_11_04_27.csv — Error parsing metadata rows: ValueError(AssertionError('26 columns passed, passed data had 25 columns'))
CHSM78N630-V_13_10_2025_12_34_27.csv — Error parsing metadata rows: ValueError(AssertionError('26 columns passed, passed data had 25 columns'))
CHSM78N630_13_10_2025_10_59_06.csv — Error parsing metadata rows: ValueError(AssertionError('26 columns passed, passed data had 25 columns'))
CHSM78N630_13_10_2025_11_14_06.csv — Error parsing metadata rows: ValueError(AssertionError('26 columns passed, passed data had 25 columns'))
CHSM78N630_13_10_2025_11_19_06.csv — Error parsing metadata rows: ValueError(AssertionError('26 columns passed, passed data had 25 columns'))
CHSM78N630_13_10_2025_15_49_06.csv — Error parsing metadata rows: ValueError(AssertionError('26 columns passed, passed data had 25 columns'))
CHSM78N630_13_10_2025_17_09_06.csv — Error parsing metadata rows: ValueError(AssertionError('26 columns passed, passed data had 25 columns'))
CHSM78N630_13_10_2025_17_19_06.csv — Error parsing metadata rows: ValueError(AssertionError('26 columns passed, passed data had 25 columns'))
CIEH5C1325-V_13_10_2025_11_40_37.csv — Error parsing metadata rows: ValueError(AssertionError('26 columns passed, passed data had 25 columns'))
CIEH5C1325-V_13_10_2025_12_10_37.csv — Error parsing metadata rows: ValueError(AssertionError('26 columns passed, passed data had 25 columns'))
LG345N1C_13_10_2025_09_26_53.csv — Error parsing metadata rows: ValueError(AssertionError('26 columns passed, passed data had 25 columns'))
LG370Q1C_13_10_2025_11_21_35.csv — Error parsing metadata rows: ValueError(AssertionError('26 columns passed, passed data had 25 columns'))
QPEAK315_13_10_2025_11_21_16.csv — Error parsing metadata rows: ValueError(AssertionError('26 columns passed, passed data had 25 columns'))
TSMDEG405-f_13_10_2025_13_37_11.csv — Error parsing metadata rows: ValueError(AssertionError('26 columns passed, passed data had 25 columns'))
TSMDEG405-r_13_10_2025_17_37_28.csv — Error parsing metadata rows: ValueError(AssertionError('26 columns passed, passed data had 25 columns'))
VBHN330_13_10_2025_15_55_01.csv — Error parsing metadata rows: ValueError(AssertionError('26 columns passed, passed data had 25 columns'))
CDF1150A1_14_10_2025_10_38_04.csv — Error parsing metadata rows: ValueError(AssertionError('26 columns passed, passed data had 25 columns'))
CDF1150A1_14_10_2025_12_08_04.csv — Error parsing metadata rows: ValueError(AssertionError('26 columns passed, passed data had 25 columns'))
CDF1150A1_14_10_2025_13_58_04.csv — Error parsing metadata rows: ValueError(AssertionError('26 columns passed, passed data had 25 columns'))
CHSM78N630-V_14_10_2025_08_54_27.csv — Error parsing metadata rows: ValueError(AssertionError('26 columns passed, passed data had 25 columns'))
CHSM78N630_14_10_2025_13_29_06.csv — Error parsing metadata rows: ValueError(AssertionError('26 columns passed, passed data had 25 columns'))
CHSM78N630_14_10_2025_15_24_06.csv — Error parsing metadata rows: ValueError(AssertionError('26 columns passed, passed data had 25 columns'))
CIEH5C1325-V_14_10_2025_13_40_37.csv — Error parsing metadata rows: ValueError(AssertionError('26 columns passed, passed data had 25 columns'))
CIEH5C1325-V_14_10_2025_15_15_37.csv — Error parsing metadata rows: ValueError(AssertionError('26 columns passed, passed data had 25 columns'))
CS6K270P_14_10_2025_08_55_19.csv — Error parsing metadata rows: ValueError(AssertionError('26 columns passed, passed data had 25 columns'))
CS6K270P_14_10_2025_15_25_19.csv — Error parsing metadata rows: ValueError(AssertionError('26 columns passed, passed data had 25 columns'))
LG345N1C_14_10_2025_07_16_53.csv — Error parsing metadata rows: ValueError(AssertionError('26 columns passed, passed data had 25 columns'))
LG370Q1C_14_10_2025_15_16_35.csv — Error parsing metadata rows: ValueError(AssertionError('26 columns passed, passed data had 25 columns'))
QPEAK315_14_10_2025_15_31_16.csv — Error parsing metadata rows: ValueError(AssertionError('26 columns passed, passed data had 25 columns'))
VBHN330_14_10_2025_12_00_01.csv — Error parsing metadata rows: ValueError(AssertionError('26 columns passed, passed data had 25 columns'))
VBHN330_14_10_2025_13_55_01.csv — Error parsing metadata rows: ValueError(AssertionError('26 columns passed, passed data had 25 columns'))
CDF1150A1_15_10_2025_08_43_04.csv — Error parsing metadata rows: ValueError(AssertionError('26 columns passed, passed data had 25 columns'))
CDF1150A1_15_10_2025_10_38_04.csv — Error parsing metadata rows: ValueError(AssertionError('26 columns passed, passed data had 25 columns'))
CHSM78N630_15_10_2025_08_49_06.csv — Error parsing metadata rows: ValueError(AssertionError('26 columns passed, passed data had 25 columns'))
CHSM78N630_15_10_2025_09_14_06.csv — Error parsing metadata rows: ValueError(AssertionError('26 columns passed, passed data had 25 columns'))
CHSM78N630_15_10_2025_09_34_06.csv — Error parsing metadata rows: ValueError(AssertionError('26 columns passed, passed data had 25 columns'))
CHSM78N630_15_10_2025_15_59_06.csv — Error reading CSV: ParserError('Expected 26 fields in line 4, saw 27')
CHSM78N630_15_10_2025_16_59_06.csv — Error parsing metadata rows: ValueError(AssertionError('26 columns passed, passed data had 25 columns'))
CS6K270P_15_10_2025_09_40_19.csv — Error parsing metadata rows: ValueError(AssertionError('26 columns passed, passed data had 25 columns'))
CS6K270P_15_10_2025_17_15_19.csv — Error parsing metadata rows: ValueError(AssertionError('26 columns passed, passed data had 25 columns'))
LG345N1C_15_10_2025_17_11_53.csv — Error parsing metadata rows: ValueError(AssertionError('26 columns passed, passed data had 25 columns'))
QPEAK315_15_10_2025_17_11_16.csv — Error parsing metadata rows: ValueError(AssertionError('26 columns passed, passed data had 25 columns'))
TSMDEG405-f_15_10_2025_17_17_11.csv — Error parsing metadata rows: ValueError(AssertionError('26 columns passed, passed data had 25 columns'))
TSMDEG405-r_15_10_2025_08_42_28.csv — Error parsing metadata rows: ValueError(AssertionError('26 columns passed, passed data had 25 columns'))
_17_10_2025_17_33_04.csv — Unexpected column count: 21
CDF1150A1_18_10_2025_08_08_04.csv — Error parsing metadata rows: ValueError(AssertionError('26 columns passed, passed data had 25 columns'))
CDF1150A1_18_10_2025_08_18_04.csv — Error parsing metadata rows: ValueError(AssertionError('26 columns passed, passed data had 25 columns'))
CDF1150A1_18_10_2025_08_38_04.csv — Error parsing metadata rows: ValueError(AssertionError('26 columns passed, passed data had 25 columns'))
CDF1150A1_18_10_2025_10_08_04.csv — Error parsing metadata rows: ValueError(AssertionError('26 columns passed, passed data had 25 columns'))
CHSM78N630-V_18_10_2025_08_04_27.csv — Error parsing metadata rows: ValueError(AssertionError('26 columns passed, passed data had 25 columns'))
CHSM78N630-V_18_10_2025_12_14_27.csv — Error parsing metadata rows: ValueError(AssertionError('26 columns passed, passed data had 24 columns'))
CHSM78N630_18_10_2025_08_04_06.csv — Error parsing metadata rows: ValueError(AssertionError('26 columns passed, passed data had 25 columns'))
CHSM78N630_18_10_2025_08_09_06.csv — Error parsing metadata rows: ValueError(AssertionError('26 columns passed, passed data had 25 columns'))
CHSM78N630_18_10_2025_08_19_06.csv — Error parsing metadata rows: ValueError(AssertionError('26 columns passed, passed data had 25 columns'))
CHSM78N630_18_10_2025_10_04_06.csv — Error parsing metadata rows: ValueError(AssertionError('26 columns passed, passed data had 25 columns'))
CHSM78N630_18_10_2025_10_49_06.csv — Error parsing metadata rows: ValueError(AssertionError('26 columns passed, passed data had 25 columns'))
CS6K270P_18_10_2025_09_55_19.csv — Error parsing metadata rows: ValueError(AssertionError('26 columns passed, passed data had 25 columns'))
CS6K270P_18_10_2025_11_55_19.csv — Error parsing metadata rows: ValueError(AssertionError('26 columns passed, passed data had 25 columns'))
LG345N1C_18_10_2025_07_51_53.csv — Error parsing metadata rows: ValueError(AssertionError('26 columns passed, passed data had 25 columns'))
LG345N1C_18_10_2025_12_16_53.csv — Error parsing metadata rows: ValueError(AssertionError('26 columns passed, passed data had 25 columns'))
LG370Q1C_18_10_2025_12_16_35.csv — Error parsing metadata rows: ValueError(AssertionError('26 columns passed, passed data had 25 columns'))
QPEAK315_18_10_2025_08_31_16.csv — Error parsing metadata rows: ValueError(AssertionError('26 columns passed, passed data had 25 columns'))
QPEAK315_18_10_2025_08_46_16.csv — Error parsing metadata rows: ValueError(AssertionError('26 columns passed, passed data had 25 columns'))
QPEAK315_18_10_2025_10_31_16.csv — Error parsing metadata rows: ValueError(AssertionError('26 columns passed, passed data had 25 columns'))
QPEAK315_18_10_2025_11_06_16.csv — Error parsing metadata rows: ValueError(AssertionError('26 columns passed, passed data had 25 columns'))
QPEAK315_18_10_2025_11_31_16.csv — Error parsing metadata rows: ValueError(AssertionError('26 columns passed, passed data had 25 columns'))
QPEAK315_18_10_2025_15_26_16.csv — Error parsing metadata rows: ValueError(AssertionError('26 columns passed, passed data had 25 columns'))
TSMDEG405-r_18_10_2025_12_17_28.csv — Error parsing metadata rows: ValueError(AssertionError('26 columns passed, passed data had 25 columns'))
VBHN330_18_10_2025_11_55_01.csv — Error parsing metadata rows: ValueError(AssertionError('26 columns passed, passed data had 25 columns'))
_18_10_2025_16_16_16.csv — Unexpected column count: 21
CDF1150A1_19_10_2025_08_23_04.csv — Error parsing metadata rows: ValueError(AssertionError('26 columns passed, passed data had 25 columns'))
CDF1150A1_19_10_2025_17_38_04.csv — Error parsing metadata rows: ValueError(AssertionError('26 columns passed, passed data had 25 columns'))
CHSM78N630_19_10_2025_17_39_06.csv — Error parsing metadata rows: ValueError(AssertionError('26 columns passed, passed data had 25 columns'))
CIEH5C1325-V_19_10_2025_09_10_37.csv — Error parsing metadata rows: ValueError(AssertionError('26 columns passed, passed data had 25 columns'))
CS6K270P_19_10_2025_09_50_19.csv — Error parsing metadata rows: ValueError(AssertionError('26 columns passed, passed data had 25 columns'))
LG370Q1C_19_10_2025_09_31_35.csv — Error parsing metadata rows: ValueError(AssertionError('26 columns passed, passed data had 25 columns'))
QPEAK315_19_10_2025_16_51_16.csv — Error parsing metadata rows: ValueError(AssertionError('26 columns passed, passed data had 25 columns'))
TSMDEG405-f_19_10_2025_09_27_11.csv — Error parsing metadata rows: ValueError(AssertionError('26 columns passed, passed data had 25 columns'))
CDF1150A1_20_10_2025_11_28_04.csv — Error parsing metadata rows: ValueError(AssertionError('26 columns passed, passed data had 25 columns'))
CDF1150A1_20_10_2025_12_23_04.csv — Error parsing metadata rows: ValueError(AssertionError('26 columns passed, passed data had 25 columns'))
CDF1150A1_20_10_2025_12_48_04.csv — Error parsing metadata rows: ValueError(AssertionError('26 columns passed, passed data had 25 columns'))
CDF1150A1_20_10_2025_14_38_04.csv — Error parsing metadata rows: ValueError(AssertionError('26 columns passed, passed data had 25 columns'))
CHSM78N630-V_20_10_2025_17_39_27.csv — Error parsing metadata rows: ValueError(AssertionError('26 columns passed, passed data had 25 columns'))
CHSM78N630_20_10_2025_14_39_06.csv — Error reading CSV: ParserError('Expected 26 fields in line 4, saw 27')
CHSM78N630_20_10_2025_16_19_06.csv — Error parsing metadata rows: ValueError(AssertionError('26 columns passed, passed data had 25 columns'))
CHSM78N630_20_10_2025_17_24_06.csv — Error parsing metadata rows: ValueError(AssertionError('26 columns passed, passed data had 25 columns'))
CHSM78N630_20_10_2025_17_39_06.csv — Error parsing metadata rows: ValueError(AssertionError('26 columns passed, passed data had 25 columns'))
CS6K270P_20_10_2025_12_45_20.csv — Error parsing metadata rows: ValueError(AssertionError('26 columns passed, passed data had 25 columns'))
CS6K270P_20_10_2025_12_50_19.csv — Error parsing metadata rows: ValueError(AssertionError('26 columns passed, passed data had 25 columns'))
CS6K270P_20_10_2025_13_40_19.csv — Error reading CSV: ParserError('Expected 26 fields in line 4, saw 27')
LG345N1C_20_10_2025_12_21_53.csv — Error reading CSV even with fallback: ParserError('Expected 26 fields in line 4, saw 27')
LG345N1C_20_10_2025_13_26_53.csv — Error reading CSV: ParserError('Expected 26 fields in line 6, saw 27')
LG345N1C_20_10_2025_14_36_53.csv — Error parsing metadata rows: ValueError(AssertionError('26 columns passed, passed data had 25 columns'))
LG345N1C_20_10_2025_17_16_53.csv — Error parsing metadata rows: ValueError(AssertionError('26 columns passed, passed data had 25 columns'))
QPEAK315_20_10_2025_13_51_16.csv — Error parsing metadata rows: ValueError(AssertionError('26 columns passed, passed data had 25 columns'))
TSMDEG405-f_20_10_2025_08_02_11.csv — Error parsing metadata rows: ValueError(AssertionError('26 columns passed, passed data had 25 columns'))
VBHN330_20_10_2025_12_20_01.csv — Error parsing metadata rows: ValueError(AssertionError('26 columns passed, passed data had 25 columns'))
VBHN330_20_10_2025_14_20_01.csv — Error parsing metadata rows: ValueError(AssertionError('26 columns passed, passed data had 25 columns'))
VBHN330_20_10_2025_14_35_01.csv — Error parsing metadata rows: ValueError(AssertionError('26 columns passed, passed data had 25 columns'))
CHSM78N630-V_21_10_2025_09_24_27.csv — Error parsing metadata rows: ValueError(AssertionError('26 columns passed, passed data had 25 columns'))
CHSM78N630_21_10_2025_09_24_06.csv — Error parsing metadata rows: ValueError(AssertionError('26 columns passed, passed data had 25 columns'))
CHSM78N630_21_10_2025_11_29_06.csv — Error parsing metadata rows: ValueError(AssertionError('26 columns passed, passed data had 25 columns'))
CHSM78N630_21_10_2025_12_49_06.csv — Error parsing metadata rows: ValueError(AssertionError('26 columns passed, passed data had 25 columns'))
CHSM78N630_21_10_2025_16_09_06.csv — Error parsing metadata rows: ValueError(AssertionError('26 columns passed, passed data had 25 columns'))
CS6K270P_21_10_2025_14_55_19.csv — Error parsing metadata rows: ValueError(AssertionError('26 columns passed, passed data had 25 columns'))
LG370Q1C_21_10_2025_14_41_35.csv — Error parsing metadata rows: ValueError(AssertionError('26 columns passed, passed data had 25 columns'))
LG370Q1C_21_10_2025_15_46_35.csv — Error parsing metadata rows: ValueError(AssertionError('26 columns passed, passed data had 25 columns'))
QPEAK315_21_10_2025_09_26_16.csv — Error parsing metadata rows: ValueError(AssertionError('26 columns passed, passed data had 25 columns'))
QPEAK315_21_10_2025_09_41_16.csv — Error parsing metadata rows: ValueError(AssertionError('26 columns passed, passed data had 25 columns'))
TSMDEG405-r_21_10_2025_17_12_28.csv — Error parsing metadata rows: ValueError(AssertionError('26 columns passed, passed data had 25 columns'))
TSMDEG405-r_21_10_2025_17_22_28.csv — Error parsing metadata rows: ValueError(AssertionError('26 columns passed, passed data had 25 columns'))
VBHN330_21_10_2025_16_35_01.csv — Error parsing metadata rows: ValueError(AssertionError('26 columns passed, passed data had 25 columns'))
CDF1150A1_22_10_2025_14_23_04.csv — Error parsing metadata rows: ValueError(AssertionError('26 columns passed, passed data had 25 columns'))
CHSM78N630_22_10_2025_06_09_06.csv — Error parsing metadata rows: ValueError(AssertionError('26 columns passed, passed data had 25 columns'))
LG370Q1C_22_10_2025_09_21_35.csv — Error parsing metadata rows: ValueError(AssertionError('26 columns passed, passed data had 25 columns'))
QPEAK315_22_10_2025_08_26_16.csv — Error parsing metadata rows: ValueError(AssertionError('26 columns passed, passed data had 25 columns'))
TSMDEG405-f_22_10_2025_07_57_11.csv — Error parsing metadata rows: ValueError(AssertionError('26 columns passed, passed data had 25 columns'))
TSMDEG405-f_22_10_2025_14_22_11.csv — Error parsing metadata rows: ValueError(AssertionError('26 columns passed, passed data had 25 columns'))
TSMDEG405-r_22_10_2025_07_57_28.csv — Error parsing metadata rows: ValueError(AssertionError('26 columns passed, passed data had 25 columns'))
_22_10_2025_14_23_04.csv — Unexpected column count: 21
_22_10_2025_14_58_04.csv — Unexpected column count: 21
_22_10_2025___.csv — Unexpected column count: 12
CS6K270P_23_10_2025_14_15_19.csv — Error parsing metadata rows: ValueError(AssertionError('26 columns passed, passed data had 25 columns'))
CS6K270P_27_10_2025_08_10_19.csv — Error parsing metadata rows: ValueError(AssertionError('26 columns passed, passed data had 25 columns'))
CS6K270P_27_10_2025_16_30_19.csv — Error parsing metadata rows: ValueError(AssertionError('26 columns passed, passed data had 25 columns'))
CS6K270P_29_10_2025_10_00_19.csv — Error parsing metadata rows: ValueError(AssertionError('26 columns passed, passed data had 25 columns'))
CIEH5C1325-V_28_11_2025_15_00_37.csv — Error parsing metadata rows: ValueError(AssertionError('26 columns passed, passed data had 25 columns'))
CIEH5C1325-V_28_11_2025_15_05_37.csv — Error parsing metadata rows: ValueError(AssertionError('26 columns passed, passed data had 25 columns'))
LG345N1C_28_11_2025_15_01_53.csv — Error parsing metadata rows: ValueError(AssertionError('26 columns passed, passed data had 25 columns'))
LG370Q1C_28_11_2025_15_06_35.csv — Error parsing metadata rows: ValueError(AssertionError('26 columns passed, passed data had 25 columns'))
QPEAK315_28_11_2025_15_06_16.csv — Error parsing metadata rows: ValueError(AssertionError('26 columns passed, passed data had 25 columns'))
VBHN330_28_11_2025_15_05_01.csv — Error parsing metadata rows: ValueError(AssertionError('26 columns passed, passed data had 25 columns'))
LG345N1C_24_12_2025_13_16_53.csv — Error parsing metadata rows: ValueError(AssertionError('26 columns passed, passed data had 25 columns'))
QPEAK315_24_12_2025_15_16_16.csv — Error parsing metadata rows: ValueError(AssertionError('26 columns passed, passed data had 25 columns'))
CDF1150A1_25_12_2025_09_33_04.csv — Error parsing metadata rows: ValueError(AssertionError('26 columns passed, passed data had 25 columns'))
CDF1150A1_25_12_2025_09_43_04.csv — Error parsing metadata rows: ValueError(AssertionError('26 columns passed, passed data had 25 columns'))
CDF1150A1_25_12_2025_11_18_04.csv — Error parsing metadata rows: ValueError(AssertionError('26 columns passed, passed data had 25 columns'))
CHSM78N630-T_25_12_2025_13_29_06.csv — Error parsing metadata rows: ValueError(AssertionError('26 columns passed, passed data had 25 columns'))
CHSM78N630-V_25_12_2025_12_29_27.csv — Error parsing metadata rows: ValueError(AssertionError('26 columns passed, passed data had 25 columns'))
CIEH5C1325-V_25_12_2025_11_55_37.csv — Error reading CSV: ParserError('Expected 26 fields in line 5, saw 27')
LG345N1C_25_12_2025_10_56_53.csv — Error parsing metadata rows: ValueError(AssertionError('26 columns passed, passed data had 25 columns'))
LG370Q1C_25_12_2025_10_56_35.csv — Error parsing metadata rows: ValueError(AssertionError('26 columns passed, passed data had 25 columns'))
QPEAK315_25_12_2025_12_26_16.csv — Error parsing metadata rows: ValueError(AssertionError('26 columns passed, passed data had 25 columns'))
CDF1150A1_26_12_2025_17_53_04.csv — Error parsing metadata rows: ValueError(AssertionError('26 columns passed, passed data had 25 columns'))
CHSM78N630-T_26_12_2025_12_54_06.csv — Error parsing metadata rows: ValueError(AssertionError('26 columns passed, passed data had 25 columns'))
CIEH5C1325-V_26_12_2025_08_15_37.csv — Error parsing metadata rows: ValueError(AssertionError('26 columns passed, passed data had 25 columns'))
LG345N1C_27_12_2025_08_26_53.csv — Error parsing metadata rows: ValueError(AssertionError('26 columns passed, passed data had 25 columns'))
CIEH5C1325-T_28_12_2025_13_45_57.csv — Error parsing metadata rows: ValueError(AssertionError('26 columns passed, passed data had 25 columns'))
CIEH5C1325-V_28_12_2025_13_45_37.csv — Error parsing metadata rows: ValueError(AssertionError('26 columns passed, passed data had 25 columns'))
LG370Q1C_28_12_2025_13_51_35.csv — Error parsing metadata rows: ValueError(AssertionError('26 columns passed, passed data had 25 columns'))
LG370Q1C_28_12_2025_14_46_35.csv — Error parsing metadata rows: ValueError(AssertionError('26 columns passed, passed data had 25 columns'))
QPEAK315_28_12_2025_12_16_16.csv — Error parsing metadata rows: ValueError(AssertionError('26 columns passed, passed data had 25 columns'))
QPEAK315_28_12_2025_12_21_16.csv — Error parsing metadata rows: ValueError(AssertionError('26 columns passed, passed data had 25 columns'))
QPEAK315_28_12_2025_13_46_16.csv — Error parsing metadata rows: ValueError(AssertionError('26 columns passed, passed data had 25 columns'))
QPEAK315_28_12_2025_14_46_16.csv — Error reading CSV even with fallback: ParserError('Expected 26 fields in line 6, saw 27')
CDF1150A1_29_12_2025_13_38_04.csv — Error parsing metadata rows: ValueError(AssertionError('26 columns passed, passed data had 25 columns'))
CHSM78N630-T_29_12_2025_16_44_06.csv — Error parsing metadata rows: ValueError(AssertionError('26 columns passed, passed data had 25 columns'))
CHSM78N630-V_29_12_2025_16_44_27.csv — Error parsing metadata rows: ValueError(AssertionError('26 columns passed, passed data had 25 columns'))
CIEH5C1325-T_29_12_2025_13_10_57.csv — Error parsing metadata rows: ValueError(AssertionError('26 columns passed, passed data had 25 columns'))
CIEH5C1325-T_29_12_2025_14_20_57.csv — Error parsing metadata rows: ValueError(AssertionError('26 columns passed, passed data had 25 columns'))
CIEH5C1325-V_29_12_2025_09_40_37.csv — Error parsing metadata rows: ValueError(AssertionError('26 columns passed, passed data had 25 columns'))
CIEH5C1325-V_29_12_2025_11_25_37.csv — Error parsing metadata rows: ValueError(AssertionError('26 columns passed, passed data had 25 columns'))
CIEH5C1325-V_29_12_2025_14_15_37.csv — Error parsing metadata rows: ValueError(AssertionError('26 columns passed, passed data had 25 columns'))
LG370Q1C_29_12_2025_09_36_35.csv — Error parsing metadata rows: ValueError(AssertionError('26 columns passed, passed data had 25 columns'))
LG370Q1C_29_12_2025_10_01_35.csv — Error parsing metadata rows: ValueError(AssertionError('26 columns passed, passed data had 25 columns'))
VBHN330_29_12_2025_16_45_01.csv — Error parsing metadata rows: ValueError(AssertionError('26 columns passed, passed data had 25 columns'))
CDF1150A1_30_12_2025_10_28_04.csv — Error parsing metadata rows: ValueError(AssertionError('26 columns passed, passed data had 25 columns'))
CDF1150A1_30_12_2025_11_08_04.csv — Error parsing metadata rows: ValueError(AssertionError('26 columns passed, passed data had 25 columns'))
CIEH5C1325-T_30_12_2025_10_30_57.csv — Error parsing metadata rows: ValueError(AssertionError('26 columns passed, passed data had 25 columns'))
CIEH5C1325-T_30_12_2025_10_45_57.csv — Error parsing metadata rows: ValueError(AssertionError('26 columns passed, passed data had 25 columns'))
CIEH5C1325-T_30_12_2025_13_45_57.csv — Error parsing metadata rows: ValueError(AssertionError('26 columns passed, passed data had 25 columns'))
CIEH5C1325-V_30_12_2025_14_00_37.csv — Error parsing metadata rows: ValueError(AssertionError('26 columns passed, passed data had 25 columns'))
QPEAK315_30_12_2025_11_01_16.csv — Error parsing metadata rows: ValueError(AssertionError('26 columns passed, passed data had 25 columns'))
QPEAK315_30_12_2025_15_46_16.csv — Error parsing metadata rows: ValueError(AssertionError('26 columns passed, passed data had 25 columns'))
VBHN330_30_12_2025_10_20_01.csv — Error parsing metadata rows: ValueError(AssertionError('26 columns passed, passed data had 25 columns'))
CDF1150A1_31_12_2025_14_08_04.csv — Error parsing metadata rows: ValueError(AssertionError('26 columns passed, passed data had 25 columns'))
CHSM78N630-V_31_12_2025_13_14_27.csv — Error parsing metadata rows: ValueError(AssertionError('26 columns passed, passed data had 25 columns'))
LG345N1C_31_12_2025_12_46_53.csv — Error parsing metadata rows: ValueError(AssertionError('26 columns passed, passed data had 25 columns'))
LG345N1C_31_12_2025_14_21_53.csv — Error parsing metadata rows: ValueError(AssertionError('26 columns passed, passed data had 25 columns'))
VBHN330_31_12_2025_08_10_01.csv — Error parsing metadata rows: ValueError(AssertionError('26 columns passed, passed data had 25 columns'))
TSMDEG405-f_02_10_2025_12_17_11.csv — Error parsing metadata rows: ValueError(AssertionError('26 columns passed, passed data had 25 columns'))
TSMDEG405-f_02_10_2025_13_52_11.csv — Error parsing metadata rows: ValueError(AssertionError('26 columns passed, passed data had 25 columns'))
TSMDEG405-f_02_10_2025_14_52_11.csv — Error parsing metadata rows: ValueError(AssertionError('26 columns passed, passed data had 25 columns'))
TSMDEG405-f_03_10_2025_12_27_11.csv — Error parsing metadata rows: ValueError(AssertionError('26 columns passed, passed data had 25 columns'))
TSMDEG405-f_03_10_2025_12_57_11.csv — Error parsing metadata rows: ValueError(AssertionError('26 columns passed, passed data had 25 columns'))
TSMDEG405-f_04_10_2025_09_52_11.csv — Error parsing metadata rows: ValueError(AssertionError('26 columns passed, passed data had 25 columns'))
TSMDEG405-r_23_09_2025_09_47_28.csv — Error parsing metadata rows: ValueError(AssertionError('26 columns passed, passed data had 25 columns'))
